<?xml version="1.0" encoding="utf-8" standalone="no"?>
<!--This file represents the results of running a test suite-->
<test-results name="C:\DATA\Projects\nhibernate\2.0.x\copy1\nhibernate\build\NHibernate-2.0.0.Alpha1-debug\bin\net-2.0\Iesi.Collections.Test.dll" total="153" failures="0" not-run="0" date="2008-03-30" time="04:23:32">
  <environment nunit-version="2.2.8.0" clr-version="2.0.50727.832" os-version="Microsoft Windows NT 5.1.2600 Service Pack 2" platform="Win32NT" cwd="C:\DATA\Projects\nhibernate\2.0.x\copy1\nhibernate" machine-name="CORP-2B5TWB1" user="kchu" user-domain="LIFEMARK" />
  <culture-info current-culture="en-CA" current-uiculture="en-US" />
  <test-suite name="C:\DATA\Projects\nhibernate\2.0.x\copy1\nhibernate\build\NHibernate-2.0.0.Alpha1-debug\bin\net-2.0\Iesi.Collections.Test.dll" success="True" time="0.250" asserts="0">
    <results>
      <test-suite name="Iesi" success="True" time="0.250" asserts="0">
        <results>
          <test-suite name="Iesi.Collections" success="True" time="0.250" asserts="0">
            <results>
              <test-suite name="Iesi.Collections.Generic" success="True" time="0.156" asserts="0">
                <results>
                  <test-suite name="Iesi.Collections.Generic.Test" success="True" time="0.156" asserts="0">
                    <results>
                      <test-suite name="Iesi.Collections.Generic.Test.HashedSetFixture" success="True" time="0.063" asserts="0">
                        <results>
                          <test-case name="Iesi.Collections.Generic.Test.HashedSetFixture.Serialization" executed="True" success="True" time="0.031" asserts="4" />
                          <test-case name="Iesi.Collections.Generic.Test.HashedSetFixture.GenericSetFixture.Clone" executed="True" success="True" time="0.000" asserts="6" />
                          <test-case name="Iesi.Collections.Generic.Test.HashedSetFixture.GenericSetFixture.CopyTo" executed="True" success="True" time="0.000" asserts="4" />
                          <test-case name="Iesi.Collections.Generic.Test.HashedSetFixture.GenericSetFixture.Count" executed="True" success="True" time="0.000" asserts="2" />
                          <test-case name="Iesi.Collections.Generic.Test.HashedSetFixture.GenericSetFixture.CtorWithDefaults" executed="True" success="True" time="0.000" asserts="4" />
                          <test-case name="Iesi.Collections.Generic.Test.HashedSetFixture.GenericSetFixture.Add" executed="True" success="True" time="0.000" asserts="4" />
                          <test-case name="Iesi.Collections.Generic.Test.HashedSetFixture.GenericSetFixture.AddAll" executed="True" success="True" time="0.000" asserts="3" />
                          <test-case name="Iesi.Collections.Generic.Test.HashedSetFixture.GenericSetFixture.Clear" executed="True" success="True" time="0.000" asserts="1" />
                          <test-case name="Iesi.Collections.Generic.Test.HashedSetFixture.GenericSetFixture.Contains" executed="True" success="True" time="0.000" asserts="2" />
                          <test-case name="Iesi.Collections.Generic.Test.HashedSetFixture.GenericSetFixture.ContainsAll" executed="True" success="True" time="0.000" asserts="2" />
                          <test-case name="Iesi.Collections.Generic.Test.HashedSetFixture.GenericSetFixture.ExclusiveOr" executed="True" success="True" time="0.016" asserts="11" />
                          <test-case name="Iesi.Collections.Generic.Test.HashedSetFixture.GenericSetFixture.Intersect" executed="True" success="True" time="0.000" asserts="8" />
                          <test-case name="Iesi.Collections.Generic.Test.HashedSetFixture.GenericSetFixture.IsEmpty" executed="True" success="True" time="0.000" asserts="2" />
                          <test-case name="Iesi.Collections.Generic.Test.HashedSetFixture.GenericSetFixture.Minus" executed="True" success="True" time="0.000" asserts="8" />
                          <test-case name="Iesi.Collections.Generic.Test.HashedSetFixture.GenericSetFixture.Remove" executed="True" success="True" time="0.000" asserts="4" />
                          <test-case name="Iesi.Collections.Generic.Test.HashedSetFixture.GenericSetFixture.RemoveAll" executed="True" success="True" time="0.000" asserts="3" />
                          <test-case name="Iesi.Collections.Generic.Test.HashedSetFixture.GenericSetFixture.RetainAll" executed="True" success="True" time="0.000" asserts="3" />
                          <test-case name="Iesi.Collections.Generic.Test.HashedSetFixture.GenericSetFixture.Union" executed="True" success="True" time="0.000" asserts="13" />
                          <test-case name="Iesi.Collections.Generic.Test.HashedSetFixture.GenericSetFixture.ExclusiveOrOperator" executed="True" success="True" time="0.016" asserts="6" />
                          <test-case name="Iesi.Collections.Generic.Test.HashedSetFixture.GenericSetFixture.IntersectOperator" executed="True" success="True" time="0.000" asserts="3" />
                          <test-case name="Iesi.Collections.Generic.Test.HashedSetFixture.GenericSetFixture.MinusOperator" executed="True" success="True" time="0.000" asserts="5" />
                          <test-case name="Iesi.Collections.Generic.Test.HashedSetFixture.GenericSetFixture.UnionOperator" executed="True" success="True" time="0.000" asserts="8" />
                        </results>
                      </test-suite>
                      <test-suite name="Iesi.Collections.Generic.Test.ImmutableSetFixture" success="True" time="0.016" asserts="0">
                        <results>
                          <test-case name="Iesi.Collections.Generic.Test.ImmutableSetFixture.GenericSetFixture.Clone" executed="True" success="True" time="0.000" asserts="5" />
                          <test-case name="Iesi.Collections.Generic.Test.ImmutableSetFixture.GenericSetFixture.CopyTo" executed="True" success="True" time="0.000" asserts="4" />
                          <test-case name="Iesi.Collections.Generic.Test.ImmutableSetFixture.GenericSetFixture.Count" executed="True" success="True" time="0.000" asserts="2" />
                          <test-case name="Iesi.Collections.Generic.Test.ImmutableSetFixture.GenericSetFixture.CtorWithDefaults" executed="True" success="True" time="0.000" asserts="4" />
                          <test-case name="Iesi.Collections.Generic.Test.ImmutableSetFixture.GenericSetFixture.Add" executed="True" success="True" time="0.000" asserts="0" />
                          <test-case name="Iesi.Collections.Generic.Test.ImmutableSetFixture.GenericSetFixture.AddAll" executed="True" success="True" time="0.000" asserts="0" />
                          <test-case name="Iesi.Collections.Generic.Test.ImmutableSetFixture.GenericSetFixture.Clear" executed="True" success="True" time="0.000" asserts="0" />
                          <test-case name="Iesi.Collections.Generic.Test.ImmutableSetFixture.GenericSetFixture.Contains" executed="True" success="True" time="0.000" asserts="2" />
                          <test-case name="Iesi.Collections.Generic.Test.ImmutableSetFixture.GenericSetFixture.ContainsAll" executed="True" success="True" time="0.016" asserts="2" />
                          <test-case name="Iesi.Collections.Generic.Test.ImmutableSetFixture.GenericSetFixture.ExclusiveOr" executed="True" success="True" time="0.000" asserts="11" />
                          <test-case name="Iesi.Collections.Generic.Test.ImmutableSetFixture.GenericSetFixture.Intersect" executed="True" success="True" time="0.000" asserts="8" />
                          <test-case name="Iesi.Collections.Generic.Test.ImmutableSetFixture.GenericSetFixture.IsEmpty" executed="True" success="True" time="0.000" asserts="2" />
                          <test-case name="Iesi.Collections.Generic.Test.ImmutableSetFixture.GenericSetFixture.Minus" executed="True" success="True" time="0.000" asserts="8" />
                          <test-case name="Iesi.Collections.Generic.Test.ImmutableSetFixture.GenericSetFixture.Remove" executed="True" success="True" time="0.000" asserts="0" />
                          <test-case name="Iesi.Collections.Generic.Test.ImmutableSetFixture.GenericSetFixture.RemoveAll" executed="True" success="True" time="0.000" asserts="0" />
                          <test-case name="Iesi.Collections.Generic.Test.ImmutableSetFixture.GenericSetFixture.RetainAll" executed="True" success="True" time="0.000" asserts="0" />
                          <test-case name="Iesi.Collections.Generic.Test.ImmutableSetFixture.GenericSetFixture.Union" executed="True" success="True" time="0.000" asserts="13" />
                          <test-case name="Iesi.Collections.Generic.Test.ImmutableSetFixture.GenericSetFixture.ExclusiveOrOperator" executed="True" success="True" time="0.000" asserts="6" />
                          <test-case name="Iesi.Collections.Generic.Test.ImmutableSetFixture.GenericSetFixture.IntersectOperator" executed="True" success="True" time="0.000" asserts="3" />
                          <test-case name="Iesi.Collections.Generic.Test.ImmutableSetFixture.GenericSetFixture.MinusOperator" executed="True" success="True" time="0.000" asserts="5" />
                          <test-case name="Iesi.Collections.Generic.Test.ImmutableSetFixture.GenericSetFixture.UnionOperator" executed="True" success="True" time="0.000" asserts="8" />
                        </results>
                      </test-suite>
                      <test-suite name="Iesi.Collections.Generic.Test.SortedSetFixture" success="True" time="0.078" asserts="0">
                        <results>
                          <test-case name="Iesi.Collections.Generic.Test.SortedSetFixture.OrderedEnumeration" executed="True" success="True" time="0.047" asserts="3" />
                          <test-case name="Iesi.Collections.Generic.Test.SortedSetFixture.OrderedCaseInsensitiveEnumeration" executed="True" success="True" time="0.016" asserts="3" />
                          <test-case name="Iesi.Collections.Generic.Test.SortedSetFixture.GenericSetFixture.Clone" executed="True" success="True" time="0.000" asserts="6" />
                          <test-case name="Iesi.Collections.Generic.Test.SortedSetFixture.GenericSetFixture.CopyTo" executed="True" success="True" time="0.000" asserts="4" />
                          <test-case name="Iesi.Collections.Generic.Test.SortedSetFixture.GenericSetFixture.Count" executed="True" success="True" time="0.000" asserts="2" />
                          <test-case name="Iesi.Collections.Generic.Test.SortedSetFixture.GenericSetFixture.CtorWithDefaults" executed="True" success="True" time="0.000" asserts="4" />
                          <test-case name="Iesi.Collections.Generic.Test.SortedSetFixture.GenericSetFixture.Add" executed="True" success="True" time="0.000" asserts="4" />
                          <test-case name="Iesi.Collections.Generic.Test.SortedSetFixture.GenericSetFixture.AddAll" executed="True" success="True" time="0.000" asserts="3" />
                          <test-case name="Iesi.Collections.Generic.Test.SortedSetFixture.GenericSetFixture.Clear" executed="True" success="True" time="0.000" asserts="1" />
                          <test-case name="Iesi.Collections.Generic.Test.SortedSetFixture.GenericSetFixture.Contains" executed="True" success="True" time="0.000" asserts="2" />
                          <test-case name="Iesi.Collections.Generic.Test.SortedSetFixture.GenericSetFixture.ContainsAll" executed="True" success="True" time="0.000" asserts="2" />
                          <test-case name="Iesi.Collections.Generic.Test.SortedSetFixture.GenericSetFixture.ExclusiveOr" executed="True" success="True" time="0.016" asserts="11" />
                          <test-case name="Iesi.Collections.Generic.Test.SortedSetFixture.GenericSetFixture.Intersect" executed="True" success="True" time="0.000" asserts="8" />
                          <test-case name="Iesi.Collections.Generic.Test.SortedSetFixture.GenericSetFixture.IsEmpty" executed="True" success="True" time="0.000" asserts="2" />
                          <test-case name="Iesi.Collections.Generic.Test.SortedSetFixture.GenericSetFixture.Minus" executed="True" success="True" time="0.000" asserts="8" />
                          <test-case name="Iesi.Collections.Generic.Test.SortedSetFixture.GenericSetFixture.Remove" executed="True" success="True" time="0.000" asserts="4" />
                          <test-case name="Iesi.Collections.Generic.Test.SortedSetFixture.GenericSetFixture.RemoveAll" executed="True" success="True" time="0.000" asserts="3" />
                          <test-case name="Iesi.Collections.Generic.Test.SortedSetFixture.GenericSetFixture.RetainAll" executed="True" success="True" time="0.000" asserts="3" />
                          <test-case name="Iesi.Collections.Generic.Test.SortedSetFixture.GenericSetFixture.Union" executed="True" success="True" time="0.000" asserts="13" />
                          <test-case name="Iesi.Collections.Generic.Test.SortedSetFixture.GenericSetFixture.ExclusiveOrOperator" executed="True" success="True" time="0.000" asserts="6" />
                          <test-case name="Iesi.Collections.Generic.Test.SortedSetFixture.GenericSetFixture.IntersectOperator" executed="True" success="True" time="0.000" asserts="3" />
                          <test-case name="Iesi.Collections.Generic.Test.SortedSetFixture.GenericSetFixture.MinusOperator" executed="True" success="True" time="0.000" asserts="5" />
                          <test-case name="Iesi.Collections.Generic.Test.SortedSetFixture.GenericSetFixture.UnionOperator" executed="True" success="True" time="0.000" asserts="8" />
                        </results>
                      </test-suite>
                    </results>
                  </test-suite>
                </results>
              </test-suite>
              <test-suite name="Iesi.Collections.Test" success="True" time="0.078" asserts="0">
                <results>
                  <test-suite name="Iesi.Collections.Test.HashedSetFixture" success="True" time="0.016" asserts="0">
                    <results>
                      <test-case name="Iesi.Collections.Test.HashedSetFixture.Serialization" executed="True" success="True" time="0.000" asserts="4" />
                      <test-case name="Iesi.Collections.Test.HashedSetFixture.SetFixture.Clone" executed="True" success="True" time="0.000" asserts="6" />
                      <test-case name="Iesi.Collections.Test.HashedSetFixture.SetFixture.CopyTo" executed="True" success="True" time="0.000" asserts="4" />
                      <test-case name="Iesi.Collections.Test.HashedSetFixture.SetFixture.Count" executed="True" success="True" time="0.000" asserts="2" />
                      <test-case name="Iesi.Collections.Test.HashedSetFixture.SetFixture.CtorWithDefaults" executed="True" success="True" time="0.000" asserts="4" />
                      <test-case name="Iesi.Collections.Test.HashedSetFixture.SetFixture.Add" executed="True" success="True" time="0.000" asserts="4" />
                      <test-case name="Iesi.Collections.Test.HashedSetFixture.SetFixture.AddAll" executed="True" success="True" time="0.000" asserts="3" />
                      <test-case name="Iesi.Collections.Test.HashedSetFixture.SetFixture.Clear" executed="True" success="True" time="0.000" asserts="1" />
                      <test-case name="Iesi.Collections.Test.HashedSetFixture.SetFixture.Contains" executed="True" success="True" time="0.000" asserts="2" />
                      <test-case name="Iesi.Collections.Test.HashedSetFixture.SetFixture.ContainsAll" executed="True" success="True" time="0.000" asserts="2" />
                      <test-case name="Iesi.Collections.Test.HashedSetFixture.SetFixture.ExclusiveOr" executed="True" success="True" time="0.000" asserts="11" />
                      <test-case name="Iesi.Collections.Test.HashedSetFixture.SetFixture.Intersect" executed="True" success="True" time="0.000" asserts="8" />
                      <test-case name="Iesi.Collections.Test.HashedSetFixture.SetFixture.IsEmpty" executed="True" success="True" time="0.000" asserts="2" />
                      <test-case name="Iesi.Collections.Test.HashedSetFixture.SetFixture.Minus" executed="True" success="True" time="0.000" asserts="8" />
                      <test-case name="Iesi.Collections.Test.HashedSetFixture.SetFixture.Remove" executed="True" success="True" time="0.000" asserts="4" />
                      <test-case name="Iesi.Collections.Test.HashedSetFixture.SetFixture.RemoveAll" executed="True" success="True" time="0.000" asserts="3" />
                      <test-case name="Iesi.Collections.Test.HashedSetFixture.SetFixture.RetainAll" executed="True" success="True" time="0.000" asserts="3" />
                      <test-case name="Iesi.Collections.Test.HashedSetFixture.SetFixture.Union" executed="True" success="True" time="0.000" asserts="13" />
                      <test-case name="Iesi.Collections.Test.HashedSetFixture.SetFixture.ExclusiveOrOperator" executed="True" success="True" time="0.000" asserts="6" />
                      <test-case name="Iesi.Collections.Test.HashedSetFixture.SetFixture.IntersectOperator" executed="True" success="True" time="0.000" asserts="3" />
                      <test-case name="Iesi.Collections.Test.HashedSetFixture.SetFixture.MinusOperator" executed="True" success="True" time="0.000" asserts="5" />
                      <test-case name="Iesi.Collections.Test.HashedSetFixture.SetFixture.UnionOperator" executed="True" success="True" time="0.000" asserts="8" />
                    </results>
                  </test-suite>
                  <test-suite name="Iesi.Collections.Test.HybridSetFixture" success="True" time="0.000" asserts="0">
                    <results>
                      <test-case name="Iesi.Collections.Test.HybridSetFixture.SetFixture.Clone" executed="True" success="True" time="0.000" asserts="6" />
                      <test-case name="Iesi.Collections.Test.HybridSetFixture.SetFixture.CopyTo" executed="True" success="True" time="0.000" asserts="4" />
                      <test-case name="Iesi.Collections.Test.HybridSetFixture.SetFixture.Count" executed="True" success="True" time="0.000" asserts="2" />
                      <test-case name="Iesi.Collections.Test.HybridSetFixture.SetFixture.CtorWithDefaults" executed="True" success="True" time="0.000" asserts="4" />
                      <test-case name="Iesi.Collections.Test.HybridSetFixture.SetFixture.Add" executed="True" success="True" time="0.000" asserts="4" />
                      <test-case name="Iesi.Collections.Test.HybridSetFixture.SetFixture.AddAll" executed="True" success="True" time="0.000" asserts="3" />
                      <test-case name="Iesi.Collections.Test.HybridSetFixture.SetFixture.Clear" executed="True" success="True" time="0.000" asserts="1" />
                      <test-case name="Iesi.Collections.Test.HybridSetFixture.SetFixture.Contains" executed="True" success="True" time="0.000" asserts="2" />
                      <test-case name="Iesi.Collections.Test.HybridSetFixture.SetFixture.ContainsAll" executed="True" success="True" time="0.000" asserts="2" />
                      <test-case name="Iesi.Collections.Test.HybridSetFixture.SetFixture.ExclusiveOr" executed="True" success="True" time="0.000" asserts="11" />
                      <test-case name="Iesi.Collections.Test.HybridSetFixture.SetFixture.Intersect" executed="True" success="True" time="0.000" asserts="8" />
                      <test-case name="Iesi.Collections.Test.HybridSetFixture.SetFixture.IsEmpty" executed="True" success="True" time="0.000" asserts="2" />
                      <test-case name="Iesi.Collections.Test.HybridSetFixture.SetFixture.Minus" executed="True" success="True" time="0.000" asserts="8" />
                      <test-case name="Iesi.Collections.Test.HybridSetFixture.SetFixture.Remove" executed="True" success="True" time="0.000" asserts="4" />
                      <test-case name="Iesi.Collections.Test.HybridSetFixture.SetFixture.RemoveAll" executed="True" success="True" time="0.000" asserts="3" />
                      <test-case name="Iesi.Collections.Test.HybridSetFixture.SetFixture.RetainAll" executed="True" success="True" time="0.000" asserts="3" />
                      <test-case name="Iesi.Collections.Test.HybridSetFixture.SetFixture.Union" executed="True" success="True" time="0.000" asserts="13" />
                      <test-case name="Iesi.Collections.Test.HybridSetFixture.SetFixture.ExclusiveOrOperator" executed="True" success="True" time="0.000" asserts="6" />
                      <test-case name="Iesi.Collections.Test.HybridSetFixture.SetFixture.IntersectOperator" executed="True" success="True" time="0.000" asserts="3" />
                      <test-case name="Iesi.Collections.Test.HybridSetFixture.SetFixture.MinusOperator" executed="True" success="True" time="0.000" asserts="5" />
                      <test-case name="Iesi.Collections.Test.HybridSetFixture.SetFixture.UnionOperator" executed="True" success="True" time="0.000" asserts="8" />
                    </results>
                  </test-suite>
                  <test-suite name="Iesi.Collections.Test.ListSetFixture" success="True" time="0.016" asserts="0">
                    <results>
                      <test-case name="Iesi.Collections.Test.ListSetFixture.SetFixture.Clone" executed="True" success="True" time="0.016" asserts="6" />
                      <test-case name="Iesi.Collections.Test.ListSetFixture.SetFixture.CopyTo" executed="True" success="True" time="0.000" asserts="4" />
                      <test-case name="Iesi.Collections.Test.ListSetFixture.SetFixture.Count" executed="True" success="True" time="0.000" asserts="2" />
                      <test-case name="Iesi.Collections.Test.ListSetFixture.SetFixture.CtorWithDefaults" executed="True" success="True" time="0.000" asserts="4" />
                      <test-case name="Iesi.Collections.Test.ListSetFixture.SetFixture.Add" executed="True" success="True" time="0.000" asserts="4" />
                      <test-case name="Iesi.Collections.Test.ListSetFixture.SetFixture.AddAll" executed="True" success="True" time="0.000" asserts="3" />
                      <test-case name="Iesi.Collections.Test.ListSetFixture.SetFixture.Clear" executed="True" success="True" time="0.000" asserts="1" />
                      <test-case name="Iesi.Collections.Test.ListSetFixture.SetFixture.Contains" executed="True" success="True" time="0.000" asserts="2" />
                      <test-case name="Iesi.Collections.Test.ListSetFixture.SetFixture.ContainsAll" executed="True" success="True" time="0.000" asserts="2" />
                      <test-case name="Iesi.Collections.Test.ListSetFixture.SetFixture.ExclusiveOr" executed="True" success="True" time="0.000" asserts="11" />
                      <test-case name="Iesi.Collections.Test.ListSetFixture.SetFixture.Intersect" executed="True" success="True" time="0.000" asserts="8" />
                      <test-case name="Iesi.Collections.Test.ListSetFixture.SetFixture.IsEmpty" executed="True" success="True" time="0.000" asserts="2" />
                      <test-case name="Iesi.Collections.Test.ListSetFixture.SetFixture.Minus" executed="True" success="True" time="0.000" asserts="8" />
                      <test-case name="Iesi.Collections.Test.ListSetFixture.SetFixture.Remove" executed="True" success="True" time="0.000" asserts="4" />
                      <test-case name="Iesi.Collections.Test.ListSetFixture.SetFixture.RemoveAll" executed="True" success="True" time="0.000" asserts="3" />
                      <test-case name="Iesi.Collections.Test.ListSetFixture.SetFixture.RetainAll" executed="True" success="True" time="0.000" asserts="3" />
                      <test-case name="Iesi.Collections.Test.ListSetFixture.SetFixture.Union" executed="True" success="True" time="0.000" asserts="13" />
                      <test-case name="Iesi.Collections.Test.ListSetFixture.SetFixture.ExclusiveOrOperator" executed="True" success="True" time="0.000" asserts="6" />
                      <test-case name="Iesi.Collections.Test.ListSetFixture.SetFixture.IntersectOperator" executed="True" success="True" time="0.000" asserts="3" />
                      <test-case name="Iesi.Collections.Test.ListSetFixture.SetFixture.MinusOperator" executed="True" success="True" time="0.000" asserts="5" />
                      <test-case name="Iesi.Collections.Test.ListSetFixture.SetFixture.UnionOperator" executed="True" success="True" time="0.000" asserts="8" />
                    </results>
                  </test-suite>
                  <test-suite name="Iesi.Collections.Test.SortedSetFixture" success="True" time="0.031" asserts="0">
                    <results>
                      <test-case name="Iesi.Collections.Test.SortedSetFixture.OrderedEnumeration" executed="True" success="True" time="0.000" asserts="3" />
                      <test-case name="Iesi.Collections.Test.SortedSetFixture.OrderedCaseInsensitiveEnumeration" executed="True" success="True" time="0.016" asserts="3" />
                      <test-case name="Iesi.Collections.Test.SortedSetFixture.SetFixture.Clone" executed="True" success="True" time="0.000" asserts="6" />
                      <test-case name="Iesi.Collections.Test.SortedSetFixture.SetFixture.CopyTo" executed="True" success="True" time="0.000" asserts="4" />
                      <test-case name="Iesi.Collections.Test.SortedSetFixture.SetFixture.Count" executed="True" success="True" time="0.000" asserts="2" />
                      <test-case name="Iesi.Collections.Test.SortedSetFixture.SetFixture.CtorWithDefaults" executed="True" success="True" time="0.000" asserts="4" />
                      <test-case name="Iesi.Collections.Test.SortedSetFixture.SetFixture.Add" executed="True" success="True" time="0.000" asserts="4" />
                      <test-case name="Iesi.Collections.Test.SortedSetFixture.SetFixture.AddAll" executed="True" success="True" time="0.000" asserts="3" />
                      <test-case name="Iesi.Collections.Test.SortedSetFixture.SetFixture.Clear" executed="True" success="True" time="0.000" asserts="1" />
                      <test-case name="Iesi.Collections.Test.SortedSetFixture.SetFixture.Contains" executed="True" success="True" time="0.000" asserts="2" />
                      <test-case name="Iesi.Collections.Test.SortedSetFixture.SetFixture.ContainsAll" executed="True" success="True" time="0.000" asserts="2" />
                      <test-case name="Iesi.Collections.Test.SortedSetFixture.SetFixture.ExclusiveOr" executed="True" success="True" time="0.000" asserts="11" />
                      <test-case name="Iesi.Collections.Test.SortedSetFixture.SetFixture.Intersect" executed="True" success="True" time="0.000" asserts="8" />
                      <test-case name="Iesi.Collections.Test.SortedSetFixture.SetFixture.IsEmpty" executed="True" success="True" time="0.000" asserts="2" />
                      <test-case name="Iesi.Collections.Test.SortedSetFixture.SetFixture.Minus" executed="True" success="True" time="0.000" asserts="8" />
                      <test-case name="Iesi.Collections.Test.SortedSetFixture.SetFixture.Remove" executed="True" success="True" time="0.000" asserts="4" />
                      <test-case name="Iesi.Collections.Test.SortedSetFixture.SetFixture.RemoveAll" executed="True" success="True" time="0.000" asserts="3" />
                      <test-case name="Iesi.Collections.Test.SortedSetFixture.SetFixture.RetainAll" executed="True" success="True" time="0.000" asserts="3" />
                      <test-case name="Iesi.Collections.Test.SortedSetFixture.SetFixture.Union" executed="True" success="True" time="0.000" asserts="13" />
                      <test-case name="Iesi.Collections.Test.SortedSetFixture.SetFixture.ExclusiveOrOperator" executed="True" success="True" time="0.000" asserts="6" />
                      <test-case name="Iesi.Collections.Test.SortedSetFixture.SetFixture.IntersectOperator" executed="True" success="True" time="0.000" asserts="3" />
                      <test-case name="Iesi.Collections.Test.SortedSetFixture.SetFixture.MinusOperator" executed="True" success="True" time="0.000" asserts="5" />
                      <test-case name="Iesi.Collections.Test.SortedSetFixture.SetFixture.UnionOperator" executed="True" success="True" time="0.000" asserts="8" />
                    </results>
                  </test-suite>
                </results>
              </test-suite>
            </results>
          </test-suite>
        </results>
      </test-suite>
    </results>
  </test-suite>
</test-results>