<?xml version="1.0" encoding="utf-8" standalone="no"?>
<!--This file represents the results of running a test suite-->
<test-results name="C:\DATA\Projects\nhibernate\2.0.x\copy1\nhibernate\build\NHibernate-2.0.0.Alpha1-debug\bin\net-2.0\NHibernate.Test.dll" total="1118" failures="0" not-run="43" date="2008-03-30" time="04:24:35">
  <environment nunit-version="2.2.8.0" clr-version="2.0.50727.832" os-version="Microsoft Windows NT 5.1.2600 Service Pack 2" platform="Win32NT" cwd="C:\DATA\Projects\nhibernate\2.0.x\copy1\nhibernate" machine-name="CORP-2B5TWB1" user="kchu" user-domain="LIFEMARK" />
  <culture-info current-culture="en-CA" current-uiculture="en-US" />
  <test-suite name="C:\DATA\Projects\nhibernate\2.0.x\copy1\nhibernate\build\NHibernate-2.0.0.Alpha1-debug\bin\net-2.0\NHibernate.Test.dll" success="True" time="56.518" asserts="0">
    <results>
      <test-suite name="NHibernate" success="True" time="56.518" asserts="0">
        <results>
          <test-suite name="NHibernate.Test" success="True" time="56.346" asserts="0">
            <results>
              <test-suite name="NHibernate.Test.BulkManipulation" success="True" time="3.188" asserts="0">
                <results>
                  <test-suite name="NHibernate.Test.BulkManipulation.NativeSQLBulkOperations" success="True" time="3.188" asserts="0">
                    <results>
                      <test-case name="NHibernate.Test.BulkManipulation.NativeSQLBulkOperations.SimpleNativeSQLInsert" executed="True" success="True" time="0.422" asserts="8" />
                    </results>
                  </test-suite>
                </results>
              </test-suite>
              <test-suite name="NHibernate.Test.CacheTest" success="True" time="0.375" asserts="0">
                <results>
                  <test-suite name="NHibernate.Test.CacheTest.CacheFixture" success="True" time="0.203" asserts="0">
                    <results>
                      <test-case name="NHibernate.Test.CacheTest.CacheFixture.TestSimpleCache" executed="True" success="True" time="0.203" asserts="24" />
                      <test-case name="NHibernate.Test.CacheTest.CacheFixture.MinValueTimestamp" executed="True" success="True" time="0.000" asserts="6" />
                    </results>
                  </test-suite>
                  <test-suite name="NHibernate.Test.CacheTest.QueryCacheFixture" success="True" time="0.172" asserts="0">
                    <results>
                      <test-case name="NHibernate.Test.CacheTest.QueryCacheFixture.QueryCacheWithNullParameters" executed="True" success="True" time="0.078" asserts="2" />
                    </results>
                  </test-suite>
                  <test-suite name="NHibernate.Test.CacheTest.TimestamperFixture" success="True" time="0.000" asserts="0">
                    <results>
                      <test-case name="NHibernate.Test.CacheTest.TimestamperFixture.VerifyIncrease" executed="True" success="True" time="0.000" asserts="0" />
                    </results>
                  </test-suite>
                </results>
              </test-suite>
              <test-suite name="NHibernate.Test.CfgTest" success="True" time="1.891" asserts="0">
                <results>
                  <test-suite name="NHibernate.Test.CfgTest.ConfigurationFixture" success="True" time="0.422" asserts="0">
                    <results>
                      <test-case name="NHibernate.Test.CfgTest.ConfigurationFixture.ReadCfgXmlFromDefaultFile" executed="True" success="True" time="0.047" asserts="6" />
                      <test-case name="NHibernate.Test.CfgTest.ConfigurationFixture.ManualConfiguration" executed="False">
                        <reason>
                          <message><![CDATA[Explicit selection required]]></message>
                        </reason>
                      </test-case>
                      <test-case name="NHibernate.Test.CfgTest.ConfigurationFixture.ReadCfgXmlFromAssembly" executed="True" success="True" time="0.000" asserts="2" />
                      <test-case name="NHibernate.Test.CfgTest.ConfigurationFixture.InvalidXmlInCfgFile" executed="True" success="True" time="0.063" asserts="0" />
                      <test-case name="NHibernate.Test.CfgTest.ConfigurationFixture.EmptyPropertyTag" executed="True" success="True" time="0.016" asserts="0" />
                      <test-case name="NHibernate.Test.CfgTest.ConfigurationFixture.CacheConfigurationForUnmappedClass" executed="True" success="True" time="0.000" asserts="0" />
                      <test-case name="NHibernate.Test.CfgTest.ConfigurationFixture.CacheConfigurationForUnmappedCollection" executed="True" success="True" time="0.109" asserts="0" />
                      <test-case name="NHibernate.Test.CfgTest.ConfigurationFixture.NoSessionFactoriesInConfiguration" executed="True" success="True" time="0.000" asserts="0" />
                      <test-case name="NHibernate.Test.CfgTest.ConfigurationFixture.CacheConfiguration" executed="True" success="True" time="0.094" asserts="0" />
                      <test-case name="NHibernate.Test.CfgTest.ConfigurationFixture.InvalidXmlInHbmFile" executed="True" success="True" time="0.016" asserts="0" />
                      <test-case name="NHibernate.Test.CfgTest.ConfigurationFixture.ProxyWithDefaultNamespaceAndAssembly" executed="True" success="True" time="0.016" asserts="0" />
                      <test-case name="NHibernate.Test.CfgTest.ConfigurationFixture.PersisterWithDefaultNamespaceAndAssembly" executed="True" success="True" time="0.016" asserts="0" />
                      <test-case name="NHibernate.Test.CfgTest.ConfigurationFixture.AddDocument" executed="True" success="True" time="0.000" asserts="0" />
                      <test-case name="NHibernate.Test.CfgTest.ConfigurationFixture.ProxyValidator" executed="True" success="True" time="0.016" asserts="1" />
                      <test-case name="NHibernate.Test.CfgTest.ConfigurationFixture.DisabledProxyValidator" executed="True" success="True" time="0.016" asserts="0" />
                      <test-case name="NHibernate.Test.CfgTest.ConfigurationFixture.SetDefaultAssemblyAndNamespace" executed="True" success="True" time="0.016" asserts="0" />
                    </results>
                  </test-suite>
                  <test-suite name="NHibernate.Test.CfgTest.ConfigurationSchemaFixture" success="True" time="0.078" asserts="0">
                    <results>
                      <test-case name="NHibernate.Test.CfgTest.ConfigurationSchemaFixture.InvalidConfig" executed="True" success="True" time="0.016" asserts="0" />
                      <test-case name="NHibernate.Test.CfgTest.ConfigurationSchemaFixture.FromAppConfigTest" executed="True" success="True" time="0.000" asserts="3" />
                      <test-case name="NHibernate.Test.CfgTest.ConfigurationSchemaFixture.IgnoreSystemOutOfAppConfig" executed="True" success="True" time="0.000" asserts="2" />
                      <test-case name="NHibernate.Test.CfgTest.ConfigurationSchemaFixture.EmptyFactoryNotAllowed" executed="True" success="True" time="0.000" asserts="0" />
                      <test-case name="NHibernate.Test.CfgTest.ConfigurationSchemaFixture.FactoryName" executed="True" success="True" time="0.016" asserts="1" />
                      <test-case name="NHibernate.Test.CfgTest.ConfigurationSchemaFixture.Properties" executed="True" success="True" time="0.000" asserts="5" />
                      <test-case name="NHibernate.Test.CfgTest.ConfigurationSchemaFixture.Mappings" executed="True" success="True" time="0.000" asserts="5" />
                      <test-case name="NHibernate.Test.CfgTest.ConfigurationSchemaFixture.MappingEquatable" executed="True" success="True" time="0.000" asserts="7" />
                      <test-case name="NHibernate.Test.CfgTest.ConfigurationSchemaFixture.NotAllowedMappings" executed="True" success="True" time="0.016" asserts="0" />
                      <test-case name="NHibernate.Test.CfgTest.ConfigurationSchemaFixture.ClassesCache" executed="True" success="True" time="0.000" asserts="5" />
                      <test-case name="NHibernate.Test.CfgTest.ConfigurationSchemaFixture.CollectionsCache" executed="True" success="True" time="0.000" asserts="4" />
                      <test-case name="NHibernate.Test.CfgTest.ConfigurationSchemaFixture.Listeners" executed="True" success="True" time="0.016" asserts="3" />
                      <test-case name="NHibernate.Test.CfgTest.ConfigurationSchemaFixture.Events" executed="True" success="True" time="0.016" asserts="4" />
                    </results>
                  </test-suite>
                  <test-suite name="NHibernate.Test.CfgTest.DefaultNsAssmFixture" success="True" time="0.328" asserts="0">
                    <results>
                      <test-case name="NHibernate.Test.CfgTest.DefaultNsAssmFixture.TopDownJoined" executed="True" success="True" time="0.109" asserts="0" />
                      <test-case name="NHibernate.Test.CfgTest.DefaultNsAssmFixture.BottomUpJoined" executed="True" success="True" time="0.078" asserts="0" />
                      <test-case name="NHibernate.Test.CfgTest.DefaultNsAssmFixture.MixedJoined" executed="True" success="True" time="0.078" asserts="0" />
                      <test-case name="NHibernate.Test.CfgTest.DefaultNsAssmFixture.MixedSubclass" executed="True" success="True" time="0.063" asserts="0" />
                    </results>
                  </test-suite>
                  <test-suite name="NHibernate.Test.CfgTest.HbmBinderFixture" success="True" time="0.016" asserts="0">
                    <results>
                      <test-case name="NHibernate.Test.CfgTest.HbmBinderFixture.DefaultUnsavedValueIsUndefined" executed="True" success="True" time="0.016" asserts="2" />
                    </results>
                  </test-suite>
                  <test-suite name="NHibernate.Test.CfgTest.HbmOrderingFixture" success="True" time="0.297" asserts="0">
                    <results>
                      <test-case name="NHibernate.Test.CfgTest.HbmOrderingFixture.TopDownJoined" executed="True" success="True" time="0.063" asserts="0" />
                      <test-case name="NHibernate.Test.CfgTest.HbmOrderingFixture.BottomUpJoined" executed="True" success="True" time="0.078" asserts="0" />
                      <test-case name="NHibernate.Test.CfgTest.HbmOrderingFixture.MixedJoined" executed="True" success="True" time="0.078" asserts="0" />
                      <test-case name="NHibernate.Test.CfgTest.HbmOrderingFixture.MixedSubclass" executed="True" success="True" time="0.063" asserts="0" />
                    </results>
                  </test-suite>
                  <test-suite name="NHibernate.Test.CfgTest.MappingDocumentAggregatorTests" success="True" time="0.719" asserts="0">
                    <results>
                      <test-case name="NHibernate.Test.CfgTest.MappingDocumentAggregatorTests.CanAddDomainModelAssembly" executed="True" success="True" time="0.156" asserts="1" />
                      <test-case name="NHibernate.Test.CfgTest.MappingDocumentAggregatorTests.CanSerializeAndDeserializeDomainModelAssembly" executed="True" success="True" time="0.063" asserts="1" />
                      <test-case name="NHibernate.Test.CfgTest.MappingDocumentAggregatorTests.CompareDeserializationTimes" executed="True" success="True" time="0.500" asserts="0" />
                    </results>
                  </test-suite>
                  <test-suite name="NHibernate.Test.CfgTest.MappingDocumentParserTests" success="True" time="0.000" asserts="0">
                    <results>
                      <test-case name="NHibernate.Test.CfgTest.MappingDocumentParserTests.CanDeserializeHBM" executed="True" success="True" time="0.000" asserts="2" />
                    </results>
                  </test-suite>
                </results>
              </test-suite>
              <test-suite name="NHibernate.Test.Classic" success="True" time="0.047" asserts="0">
                <results>
                  <test-suite name="NHibernate.Test.Classic.ValidatableFixture" success="True" time="0.047" asserts="0">
                    <results>
                      <test-case name="NHibernate.Test.Classic.ValidatableFixture.Save" executed="True" success="True" time="0.016" asserts="0" />
                      <test-case name="NHibernate.Test.Classic.ValidatableFixture.Update" executed="True" success="True" time="0.016" asserts="0" />
                      <test-case name="NHibernate.Test.Classic.ValidatableFixture.Delete" executed="True" success="True" time="0.000" asserts="0" />
                    </results>
                  </test-suite>
                </results>
              </test-suite>
              <test-suite name="NHibernate.Test.CollectionTest" success="True" time="0.141" asserts="0">
                <results>
                  <test-suite name="NHibernate.Test.CollectionTest.IdBagFixture" success="True" time="0.141" asserts="0">
                    <results>
                      <test-case name="NHibernate.Test.CollectionTest.IdBagFixture.Simple" executed="True" success="True" time="0.094" asserts="5" />
                    </results>
                  </test-suite>
                </results>
              </test-suite>
              <test-suite name="NHibernate.Test.CompositeId" success="True" time="0.141" asserts="0">
                <results>
                  <test-suite name="NHibernate.Test.CompositeId.ClassWithCompositeIdFixture" success="True" time="0.125" asserts="0">
                    <results>
                      <test-case name="NHibernate.Test.CompositeId.ClassWithCompositeIdFixture.TestSimpleCRUD" executed="True" success="True" time="0.078" asserts="11" />
                      <test-case name="NHibernate.Test.CompositeId.ClassWithCompositeIdFixture.Criteria" executed="True" success="True" time="0.016" asserts="1" />
                      <test-case name="NHibernate.Test.CompositeId.ClassWithCompositeIdFixture.Hql" executed="True" success="True" time="0.000" asserts="1" />
                    </results>
                  </test-suite>
                </results>
              </test-suite>
              <test-suite name="NHibernate.Test.ConnectionStringTest" success="True" time="0.047" asserts="0">
                <results>
                  <test-suite name="NHibernate.Test.ConnectionStringTest.NamedConnectionStringFixture" success="True" time="0.047" asserts="0">
                    <results>
                      <test-case name="NHibernate.Test.ConnectionStringTest.NamedConnectionStringFixture.InvalidNamedConnectedStringThrows" executed="True" success="True" time="0.047" asserts="0" />
                      <test-case name="NHibernate.Test.ConnectionStringTest.NamedConnectionStringFixture.ConnectionStringInSettingsOverrideNamedConnectionSTring" executed="True" success="True" time="0.000" asserts="1" />
                      <test-case name="NHibernate.Test.ConnectionStringTest.NamedConnectionStringFixture.CanGetNamedConnectionStringFromConfiguration" executed="True" success="True" time="0.000" asserts="1" />
                    </results>
                  </test-suite>
                </results>
              </test-suite>
              <test-suite name="NHibernate.Test.ConnectionTest" success="True" time="0.234" asserts="0">
                <results>
                  <test-suite name="NHibernate.Test.ConnectionTest.AggressiveReleaseTest" success="True" time="0.234" asserts="0">
                    <results>
                      <test-case name="NHibernate.Test.ConnectionTest.AggressiveReleaseTest.SerializationOnAfterStatementAggressiveRelease" executed="True" success="True" time="0.016" asserts="0" />
                      <test-case name="NHibernate.Test.ConnectionTest.AggressiveReleaseTest.SerializationFailsOnAfterStatementAggressiveReleaseWithOpenResources" executed="True" success="True" time="0.016" asserts="0" />
                      <test-case name="NHibernate.Test.ConnectionTest.AggressiveReleaseTest.QueryIteration" executed="True" success="True" time="0.109" asserts="6" />
                      <test-case name="NHibernate.Test.ConnectionTest.AggressiveReleaseTest.SuppliedConnection" executed="True" success="True" time="0.000" asserts="1" />
                      <test-case name="NHibernate.Test.ConnectionTest.AggressiveReleaseTest.ConnectionMaintanenceDuringFlush" executed="True" success="True" time="0.031" asserts="0" />
                    </results>
                  </test-suite>
                  <test-suite name="NHibernate.Test.ConnectionTest.ThreadLocalCurrentSessionTest" success="True" time="0.000" asserts="0">
                    <results>
                      <test-case name="NHibernate.Test.ConnectionTest.ThreadLocalCurrentSessionTest.ContextCleanup" executed="False">
                        <reason>
                          <message><![CDATA[Not yet supported, need a better or diferent treatment at transactions. Need AutoClosed feature.]]></message>
                        </reason>
                      </test-case>
                      <test-case name="NHibernate.Test.ConnectionTest.ThreadLocalCurrentSessionTest.TransactionProtection" executed="False">
                        <reason>
                          <message><![CDATA[Not yet supported, need a better or diferent treatment at transactions. Need AutoClosed feature.]]></message>
                        </reason>
                      </test-case>
                    </results>
                  </test-suite>
                </results>
              </test-suite>
              <test-suite name="NHibernate.Test.Criteria" success="True" time="1.578" asserts="0">
                <results>
                  <test-suite name="NHibernate.Test.Criteria.CriteriaQueryTest" success="True" time="1.000" asserts="0">
                    <results>
                      <test-case name="NHibernate.Test.Criteria.CriteriaQueryTest.EscapeCharacter" executed="True" success="True" time="0.031" asserts="2" />
                      <test-case name="NHibernate.Test.Criteria.CriteriaQueryTest.ScrollCriteria" executed="False">
                        <reason>
                          <message><![CDATA[ScrollableResults not implemented]]></message>
                        </reason>
                      </test-case>
                      <test-case name="NHibernate.Test.Criteria.CriteriaQueryTest.AllowToSetLimitOnSubqueries" executed="True" success="True" time="0.047" asserts="0" />
                      <test-case name="NHibernate.Test.Criteria.CriteriaQueryTest.Subselect" executed="True" success="True" time="0.078" asserts="1" />
                      <test-case name="NHibernate.Test.Criteria.CriteriaQueryTest.CloningCriteria" executed="True" success="True" time="0.016" asserts="0" />
                      <test-case name="NHibernate.Test.Criteria.CriteriaQueryTest.CloningCriteria_AddCount_RemoveOrderring" executed="True" success="True" time="0.000" asserts="0" />
                      <test-case name="NHibernate.Test.Criteria.CriteriaQueryTest.DetachedCriteriaTest" executed="True" success="True" time="0.016" asserts="3" />
                      <test-case name="NHibernate.Test.Criteria.CriteriaQueryTest.CloningDetachedCriteriaTest" executed="True" success="True" time="0.016" asserts="4" />
                      <test-case name="NHibernate.Test.Criteria.CriteriaQueryTest.ProjectionCache" executed="True" success="True" time="0.078" asserts="9" />
                      <test-case name="NHibernate.Test.Criteria.CriteriaQueryTest.NH_1155_ShouldNotLoadAllChildrenInPagedSubSelect" executed="True" success="True" time="0.188" asserts="1" />
                      <test-case name="NHibernate.Test.Criteria.CriteriaQueryTest.ProjectionsTest" executed="True" success="True" time="0.047" asserts="18" />
                      <test-case name="NHibernate.Test.Criteria.CriteriaQueryTest.CloningProjectionsTest" executed="True" success="True" time="0.016" asserts="17" />
                      <test-case name="NHibernate.Test.Criteria.CriteriaQueryTest.ProjectionsUsingProperty" executed="True" success="True" time="0.031" asserts="16" />
                      <test-case name="NHibernate.Test.Criteria.CriteriaQueryTest.CloningProjectionsUsingProperty" executed="True" success="True" time="0.016" asserts="16" />
                      <test-case name="NHibernate.Test.Criteria.CriteriaQueryTest.RestrictionOnSubclassCollection" executed="True" success="True" time="0.031" asserts="0" />
                      <test-case name="NHibernate.Test.Criteria.CriteriaQueryTest.ClassProperty" executed="True" success="True" time="0.000" asserts="0" />
                      <test-case name="NHibernate.Test.Criteria.CriteriaQueryTest.ProjectedId" executed="True" success="True" time="0.016" asserts="0" />
                      <test-case name="NHibernate.Test.Criteria.CriteriaQueryTest.CloningProjectedId" executed="True" success="True" time="0.000" asserts="0" />
                      <test-case name="NHibernate.Test.Criteria.CriteriaQueryTest.CloningSubcriteriaJoinTypes" executed="True" success="True" time="0.016" asserts="1" />
                      <test-case name="NHibernate.Test.Criteria.CriteriaQueryTest.SubcriteriaJoinTypes" executed="True" success="True" time="0.000" asserts="11" />
                      <test-case name="NHibernate.Test.Criteria.CriteriaQueryTest.TypeMismatch" executed="True" success="True" time="0.016" asserts="0" />
                      <test-case name="NHibernate.Test.Criteria.CriteriaQueryTest.PropertySubClassDiscriminator" executed="True" success="True" time="0.031" asserts="1" />
                      <test-case name="NHibernate.Test.Criteria.CriteriaQueryTest.CriteriaInspection" executed="True" success="True" time="0.000" asserts="4" />
                      <test-case name="NHibernate.Test.Criteria.CriteriaQueryTest.DetachedCriteriaInspection" executed="True" success="True" time="0.000" asserts="4" />
                      <test-case name="NHibernate.Test.Criteria.CriteriaQueryTest.SameColumnAndAliasNames" executed="True" success="True" time="0.016" asserts="1" />
                      <test-case name="NHibernate.Test.Criteria.CriteriaQueryTest.SameColumnAndAliasNamesResultTransformer" executed="True" success="True" time="0.000" asserts="3" />
                      <test-case name="NHibernate.Test.Criteria.CriteriaQueryTest.PropertyWithFormulaAndPagingTest" executed="True" success="True" time="0.016" asserts="0" />
                    </results>
                  </test-suite>
                  <test-suite name="NHibernate.Test.Criteria.DetachedCriteriaSerializable" success="True" time="0.234" asserts="0">
                    <results>
                      <test-case name="NHibernate.Test.Criteria.DetachedCriteriaSerializable.AllCriterionAreSerializable" executed="True" success="True" time="0.047" asserts="1" />
                      <test-case name="NHibernate.Test.Criteria.DetachedCriteriaSerializable.AllProjectionAreSerializable" executed="True" success="True" time="0.000" asserts="1" />
                      <test-case name="NHibernate.Test.Criteria.DetachedCriteriaSerializable.AllEmbeddedResultTrasformesHareSerializable" executed="True" success="True" time="0.000" asserts="1" />
                      <test-case name="NHibernate.Test.Criteria.DetachedCriteriaSerializable.DetachedCriteriaItSelf" executed="True" success="True" time="0.000" asserts="0" />
                      <test-case name="NHibernate.Test.Criteria.DetachedCriteriaSerializable.BasicCriterions" executed="True" success="True" time="0.016" asserts="22" />
                      <test-case name="NHibernate.Test.Criteria.DetachedCriteriaSerializable.LikeCriterions" executed="True" success="True" time="0.000" asserts="4" />
                      <test-case name="NHibernate.Test.Criteria.DetachedCriteriaSerializable.LogicalCriterions" executed="True" success="True" time="0.016" asserts="2" />
                      <test-case name="NHibernate.Test.Criteria.DetachedCriteriaSerializable.ProjectionsExpressions" executed="True" success="True" time="0.000" asserts="13" />
                      <test-case name="NHibernate.Test.Criteria.DetachedCriteriaSerializable.Junctions" executed="True" success="True" time="0.000" asserts="2" />
                      <test-case name="NHibernate.Test.Criteria.DetachedCriteriaSerializable.SubqueriesExpressions" executed="True" success="True" time="0.031" asserts="36" />
                      <test-case name="NHibernate.Test.Criteria.DetachedCriteriaSerializable.SQLCriterion" executed="True" success="True" time="0.016" asserts="1" />
                      <test-case name="NHibernate.Test.Criteria.DetachedCriteriaSerializable.SQLProjection" executed="True" success="True" time="0.000" asserts="2" />
                      <test-case name="NHibernate.Test.Criteria.DetachedCriteriaSerializable.ResultTransformes" executed="True" success="True" time="0.000" asserts="5" />
                      <test-case name="NHibernate.Test.Criteria.DetachedCriteriaSerializable.ExecutableCriteria" executed="True" success="True" time="0.047" asserts="0" />
                    </results>
                  </test-suite>
                  <test-suite name="NHibernate.Test.Criteria.ProjectionsTest" success="True" time="0.344" asserts="0">
                    <results>
                      <test-case name="NHibernate.Test.Criteria.ProjectionsTest.UsingSqlFunctions_Concat" executed="True" success="True" time="0.031" asserts="1" />
                      <test-case name="NHibernate.Test.Criteria.ProjectionsTest.UsingSqlFunctions_Concat_WithCast" executed="True" success="True" time="0.016" asserts="1" />
                      <test-case name="NHibernate.Test.Criteria.ProjectionsTest.CanUseParametersWithProjections" executed="True" success="True" time="0.000" asserts="1" />
                      <test-case name="NHibernate.Test.Criteria.ProjectionsTest.UsingConditionals" executed="True" success="True" time="0.016" asserts="2" />
                      <test-case name="NHibernate.Test.Criteria.ProjectionsTest.UseInWithProjection" executed="True" success="True" time="0.000" asserts="1" />
                      <test-case name="NHibernate.Test.Criteria.ProjectionsTest.UseLikeWithProjection" executed="True" success="True" time="0.016" asserts="1" />
                      <test-case name="NHibernate.Test.Criteria.ProjectionsTest.UseInsensitiveLikeWithProjection" executed="True" success="True" time="0.016" asserts="1" />
                      <test-case name="NHibernate.Test.Criteria.ProjectionsTest.UseIdEqWithProjection" executed="True" success="True" time="0.000" asserts="1" />
                      <test-case name="NHibernate.Test.Criteria.ProjectionsTest.UseEqWithProjection" executed="True" success="True" time="0.016" asserts="1" />
                      <test-case name="NHibernate.Test.Criteria.ProjectionsTest.UseGtWithProjection" executed="True" success="True" time="0.000" asserts="1" />
                      <test-case name="NHibernate.Test.Criteria.ProjectionsTest.UseLtWithProjection" executed="True" success="True" time="0.016" asserts="1" />
                      <test-case name="NHibernate.Test.Criteria.ProjectionsTest.UseLeWithProjection" executed="True" success="True" time="0.000" asserts="1" />
                      <test-case name="NHibernate.Test.Criteria.ProjectionsTest.UseGeWithProjection" executed="True" success="True" time="0.000" asserts="1" />
                      <test-case name="NHibernate.Test.Criteria.ProjectionsTest.UseBetweenWithProjection" executed="True" success="True" time="0.016" asserts="1" />
                      <test-case name="NHibernate.Test.Criteria.ProjectionsTest.UseIsNullWithProjection" executed="True" success="True" time="0.000" asserts="1" />
                      <test-case name="NHibernate.Test.Criteria.ProjectionsTest.UseIsNotNullWithProjection" executed="True" success="True" time="0.016" asserts="1" />
                      <test-case name="NHibernate.Test.Criteria.ProjectionsTest.UseEqPropertyWithProjection" executed="True" success="True" time="0.000" asserts="1" />
                      <test-case name="NHibernate.Test.Criteria.ProjectionsTest.UseGePropertyWithProjection" executed="True" success="True" time="0.016" asserts="1" />
                      <test-case name="NHibernate.Test.Criteria.ProjectionsTest.UseGtPropertyWithProjection" executed="True" success="True" time="0.000" asserts="1" />
                      <test-case name="NHibernate.Test.Criteria.ProjectionsTest.UseLtPropertyWithProjection" executed="True" success="True" time="0.016" asserts="1" />
                      <test-case name="NHibernate.Test.Criteria.ProjectionsTest.UseLePropertyWithProjection" executed="True" success="True" time="0.000" asserts="1" />
                      <test-case name="NHibernate.Test.Criteria.ProjectionsTest.UseNotEqPropertyWithProjection" executed="True" success="True" time="0.016" asserts="1" />
                    </results>
                  </test-suite>
                </results>
              </test-suite>
              <test-suite name="NHibernate.Test.DialectTest" success="True" time="0.063" asserts="0">
                <results>
                  <test-suite name="NHibernate.Test.DialectTest.DB2DialectFixture" success="True" time="0.016" asserts="0">
                    <results>
                      <test-case name="NHibernate.Test.DialectTest.DB2DialectFixture.GetLimitString" executed="True" success="True" time="0.016" asserts="2" />
                    </results>
                  </test-suite>
                  <test-suite name="NHibernate.Test.DialectTest.DialectFixture" success="True" time="0.000" asserts="0">
                    <results>
                      <test-case name="NHibernate.Test.DialectTest.DialectFixture.IsQuotedTrue" executed="True" success="True" time="0.000" asserts="1" />
                      <test-case name="NHibernate.Test.DialectTest.DialectFixture.IsQuotedFalse" executed="True" success="True" time="0.000" asserts="1" />
                      <test-case name="NHibernate.Test.DialectTest.DialectFixture.QuoteTableNameNeeded" executed="True" success="True" time="0.000" asserts="1" />
                      <test-case name="NHibernate.Test.DialectTest.DialectFixture.QuoteTableNameNotNeeded" executed="True" success="True" time="0.000" asserts="1" />
                      <test-case name="NHibernate.Test.DialectTest.DialectFixture.QuoteTableNameAlreadyQuoted" executed="True" success="True" time="0.000" asserts="1" />
                      <test-case name="NHibernate.Test.DialectTest.DialectFixture.UnQuoteAlreadyQuoted" executed="True" success="True" time="0.000" asserts="2" />
                      <test-case name="NHibernate.Test.DialectTest.DialectFixture.UnQuoteNeedingQuote" executed="True" success="True" time="0.000" asserts="2" />
                      <test-case name="NHibernate.Test.DialectTest.DialectFixture.UnQuoteArray" executed="True" success="True" time="0.000" asserts="3" />
                      <test-case name="NHibernate.Test.DialectTest.DialectFixture.GetDialectUntrimmedName" executed="True" success="True" time="0.000" asserts="1" />
                    </results>
                  </test-suite>
                  <test-suite name="NHibernate.Test.DialectTest.FirebirdDialectFixture" success="True" time="0.016" asserts="0">
                    <results>
                      <test-case name="NHibernate.Test.DialectTest.FirebirdDialectFixture.GetLimitString" executed="True" success="True" time="0.016" asserts="5" />
                    </results>
                  </test-suite>
                  <test-suite name="NHibernate.Test.DialectTest.MsSql2005DialectFixture" success="True" time="0.000" asserts="0">
                    <results>
                      <test-case name="NHibernate.Test.DialectTest.MsSql2005DialectFixture.GetLimitString" executed="True" success="True" time="0.000" asserts="9" />
                      <test-case name="NHibernate.Test.DialectTest.MsSql2005DialectFixture.NH1187" executed="True" success="True" time="0.000" asserts="2" />
                      <test-case name="NHibernate.Test.DialectTest.MsSql2005DialectFixture.QuotedAndParenthesisStringTokenizerTests_WithComma_InQuotes" executed="True" success="True" time="0.000" asserts="6" />
                      <test-case name="NHibernate.Test.DialectTest.MsSql2005DialectFixture.QuotedAndParenthesisStringTokenizerTests_WithFunctionCallContainingComma" executed="True" success="True" time="0.000" asserts="11" />
                    </results>
                  </test-suite>
                  <test-suite name="NHibernate.Test.DialectTest.MsSqlDialectFixture" success="True" time="0.016" asserts="0">
                    <results>
                      <test-case name="NHibernate.Test.DialectTest.MsSqlDialectFixture.GetLimitString" executed="True" success="True" time="0.000" asserts="5" />
                      <test-case name="NHibernate.Test.DialectTest.MsSqlDialectFixture.TimestampRounding" executed="True" success="True" time="0.016" asserts="1" />
                      <test-case name="NHibernate.Test.DialectTest.MsSqlDialectFixture.DialectFixture.IsQuotedTrue" executed="True" success="True" time="0.000" asserts="1" />
                      <test-case name="NHibernate.Test.DialectTest.MsSqlDialectFixture.DialectFixture.IsQuotedFalse" executed="True" success="True" time="0.000" asserts="1" />
                      <test-case name="NHibernate.Test.DialectTest.MsSqlDialectFixture.DialectFixture.QuoteTableNameNeeded" executed="True" success="True" time="0.000" asserts="1" />
                      <test-case name="NHibernate.Test.DialectTest.MsSqlDialectFixture.DialectFixture.QuoteTableNameNotNeeded" executed="True" success="True" time="0.000" asserts="1" />
                      <test-case name="NHibernate.Test.DialectTest.MsSqlDialectFixture.DialectFixture.QuoteTableNameAlreadyQuoted" executed="True" success="True" time="0.000" asserts="1" />
                      <test-case name="NHibernate.Test.DialectTest.MsSqlDialectFixture.DialectFixture.UnQuoteAlreadyQuoted" executed="True" success="True" time="0.000" asserts="2" />
                      <test-case name="NHibernate.Test.DialectTest.MsSqlDialectFixture.DialectFixture.UnQuoteNeedingQuote" executed="True" success="True" time="0.000" asserts="2" />
                      <test-case name="NHibernate.Test.DialectTest.MsSqlDialectFixture.DialectFixture.UnQuoteArray" executed="True" success="True" time="0.000" asserts="3" />
                      <test-case name="NHibernate.Test.DialectTest.MsSqlDialectFixture.DialectFixture.GetDialectUntrimmedName" executed="True" success="True" time="0.000" asserts="1" />
                    </results>
                  </test-suite>
                  <test-suite name="NHibernate.Test.DialectTest.SQLiteDialectFixture" success="True" time="0.000" asserts="0">
                    <results>
                      <test-case name="NHibernate.Test.DialectTest.SQLiteDialectFixture.SupportsSubSelect" executed="True" success="True" time="0.000" asserts="1" />
                      <test-case name="NHibernate.Test.DialectTest.SQLiteDialectFixture.UseLimit" executed="True" success="True" time="0.000" asserts="1" />
                    </results>
                  </test-suite>
                </results>
              </test-suite>
              <test-suite name="NHibernate.Test.DriverTest" success="True" time="0.094" asserts="0">
                <results>
                  <test-suite name="NHibernate.Test.DriverTest.NullReferenceFixture" success="True" time="0.047" asserts="0">
                    <results>
                      <test-case name="NHibernate.Test.DriverTest.NullReferenceFixture.NoParameterNameNullReference" executed="True" success="True" time="0.000" asserts="1" />
                      <test-case name="NHibernate.Test.DriverTest.NullReferenceFixture.NamedParameterAssignedNoError" executed="True" success="True" time="0.016" asserts="2" />
                    </results>
                  </test-suite>
                  <test-suite name="NHibernate.Test.DriverTest.OracleClientDriverFixture" success="True" time="0.047" asserts="0">
                    <results>
                      <test-case name="NHibernate.Test.DriverTest.OracleClientDriverFixture.ConnectionClassName" executed="True" success="True" time="0.031" asserts="1" />
                      <test-case name="NHibernate.Test.DriverTest.OracleClientDriverFixture.CommandClassName" executed="True" success="True" time="0.000" asserts="1" />
                    </results>
                  </test-suite>
                  <test-suite name="NHibernate.Test.DriverTest.OracleDataClientDriverFixture" success="True" time="0.000" asserts="0">
                    <results>
                      <test-case name="NHibernate.Test.DriverTest.OracleDataClientDriverFixture.NoBooleanParameters" executed="False">
                        <categories>
                          <category name="ODP.NET" />
                        </categories>
                        <reason>
                          <message><![CDATA[Explicit selection required]]></message>
                        </reason>
                      </test-case>
                    </results>
                  </test-suite>
                </results>
              </test-suite>
              <test-suite name="NHibernate.Test.EngineTest" success="True" time="0.000" asserts="0">
                <results>
                  <test-suite name="NHibernate.Test.EngineTest.TypedValueFixture" success="True" time="0.000" asserts="0">
                    <results>
                      <test-case name="NHibernate.Test.EngineTest.TypedValueFixture.EqualsCollection" executed="True" success="True" time="0.000" asserts="1" />
                      <test-case name="NHibernate.Test.EngineTest.TypedValueFixture.ToStringWithNullValue" executed="True" success="True" time="0.000" asserts="1" />
                    </results>
                  </test-suite>
                </results>
              </test-suite>
              <test-suite name="NHibernate.Test.ExceptionsTest" success="True" time="0.094" asserts="0">
                <results>
                  <test-suite name="NHibernate.Test.ExceptionsTest.PropertyAccessExceptionFixture" success="True" time="0.000" asserts="0">
                    <results>
                      <test-case name="NHibernate.Test.ExceptionsTest.PropertyAccessExceptionFixture.MessageWithoutTypeCtor" executed="True" success="True" time="0.000" asserts="1" />
                    </results>
                  </test-suite>
                  <test-suite name="NHibernate.Test.ExceptionsTest.SQLExceptionConversionTest" success="True" time="0.094" asserts="0">
                    <results>
                      <test-case name="NHibernate.Test.ExceptionsTest.SQLExceptionConversionTest.IntegrityViolation" executed="True" success="True" time="0.016" asserts="1" />
                      <test-case name="NHibernate.Test.ExceptionsTest.SQLExceptionConversionTest.BadGrammar" executed="True" success="True" time="0.000" asserts="1" />
                    </results>
                  </test-suite>
                </results>
              </test-suite>
              <test-suite name="NHibernate.Test.ExpressionTest" success="True" time="3.969" asserts="0">
                <results>
                  <test-suite name="NHibernate.Test.ExpressionTest.Projection" success="True" time="1.547" asserts="0">
                    <results>
                      <test-suite name="NHibernate.Test.ExpressionTest.Projection.ProjectionFixture" success="True" time="1.484" asserts="0">
                        <results>
                          <test-case name="NHibernate.Test.ExpressionTest.Projection.ProjectionFixture.RowCountTest" executed="True" success="True" time="0.172" asserts="2" />
                          <test-case name="NHibernate.Test.ExpressionTest.Projection.ProjectionFixture.AvgTest" executed="True" success="True" time="0.094" asserts="2" />
                          <test-case name="NHibernate.Test.ExpressionTest.Projection.ProjectionFixture.MaxTest" executed="True" success="True" time="0.109" asserts="2" />
                          <test-case name="NHibernate.Test.ExpressionTest.Projection.ProjectionFixture.MinTest" executed="True" success="True" time="0.109" asserts="2" />
                          <test-case name="NHibernate.Test.ExpressionTest.Projection.ProjectionFixture.CountTest" executed="True" success="True" time="0.125" asserts="2" />
                          <test-case name="NHibernate.Test.ExpressionTest.Projection.ProjectionFixture.CountDistinctTest" executed="True" success="True" time="0.109" asserts="2" />
                          <test-case name="NHibernate.Test.ExpressionTest.Projection.ProjectionFixture.DistinctTest" executed="True" success="True" time="0.109" asserts="2" />
                          <test-case name="NHibernate.Test.ExpressionTest.Projection.ProjectionFixture.GroupPropertyTest" executed="True" success="True" time="0.109" asserts="3" />
                          <test-case name="NHibernate.Test.ExpressionTest.Projection.ProjectionFixture.IdTest" executed="True" success="True" time="0.094" asserts="2" />
                          <test-case name="NHibernate.Test.ExpressionTest.Projection.ProjectionFixture.PropertyTest" executed="True" success="True" time="0.109" asserts="2" />
                          <test-case name="NHibernate.Test.ExpressionTest.Projection.ProjectionFixture.SqlGroupProjectionTest" executed="True" success="True" time="0.094" asserts="2" />
                          <test-case name="NHibernate.Test.ExpressionTest.Projection.ProjectionFixture.SqlProjectionTest" executed="True" success="True" time="0.109" asserts="2" />
                          <test-case name="NHibernate.Test.ExpressionTest.Projection.ProjectionFixture.SumTest" executed="True" success="True" time="0.125" asserts="2" />
                        </results>
                      </test-suite>
                      <test-suite name="NHibernate.Test.ExpressionTest.Projection.ProjectionSqlFixture" success="True" time="0.063" asserts="0">
                        <results>
                          <test-case name="NHibernate.Test.ExpressionTest.Projection.ProjectionSqlFixture.QueryTestWithStrongTypeReturnValue" executed="True" success="True" time="0.016" asserts="3" />
                          <test-case name="NHibernate.Test.ExpressionTest.Projection.ProjectionSqlFixture.QueryTest1" executed="True" success="True" time="0.000" asserts="6" />
                          <test-case name="NHibernate.Test.ExpressionTest.Projection.ProjectionSqlFixture.SelectSqlProjectionTest" executed="True" success="True" time="0.016" asserts="2" />
                        </results>
                      </test-suite>
                    </results>
                  </test-suite>
                  <test-suite name="NHibernate.Test.ExpressionTest.SubQueries" success="True" time="0.250" asserts="0">
                    <results>
                      <test-suite name="NHibernate.Test.ExpressionTest.SubQueries.SubQueriesSqlFixture" success="True" time="0.250" asserts="0">
                        <results>
                          <test-case name="NHibernate.Test.ExpressionTest.SubQueries.SubQueriesSqlFixture.CanQueryBlogByItsPosts" executed="True" success="True" time="0.109" asserts="1" />
                          <test-case name="NHibernate.Test.ExpressionTest.SubQueries.SubQueriesSqlFixture.ComplexSubQuery_QueryingByGrandChildren" executed="True" success="True" time="0.031" asserts="1" />
                        </results>
                      </test-suite>
                    </results>
                  </test-suite>
                  <test-suite name="NHibernate.Test.ExpressionTest.BetweenExpressionFixture" success="True" time="0.109" asserts="0">
                    <results>
                      <test-case name="NHibernate.Test.ExpressionTest.BetweenExpressionFixture.BetweenSqlStringTest" executed="True" success="True" time="0.109" asserts="2" />
                    </results>
                  </test-suite>
                  <test-suite name="NHibernate.Test.ExpressionTest.DetachedCriteriaFixture" success="True" time="0.031" asserts="0">
                    <results>
                      <test-case name="NHibernate.Test.ExpressionTest.DetachedCriteriaFixture.CanUseDetachedCriteriaToQuery" executed="True" success="True" time="0.016" asserts="1" />
                    </results>
                  </test-suite>
                  <test-suite name="NHibernate.Test.ExpressionTest.InExpressionFixture" success="True" time="0.219" asserts="0">
                    <results>
                      <test-case name="NHibernate.Test.ExpressionTest.InExpressionFixture.InSqlStringTest" executed="True" success="True" time="0.109" asserts="2" />
                      <test-case name="NHibernate.Test.ExpressionTest.InExpressionFixture.InEmptyList" executed="True" success="True" time="0.109" asserts="1" />
                    </results>
                  </test-suite>
                  <test-suite name="NHibernate.Test.ExpressionTest.InsensitiveLikeExpressionFixture" success="True" time="0.094" asserts="0">
                    <results>
                      <test-case name="NHibernate.Test.ExpressionTest.InsensitiveLikeExpressionFixture.InsentitiveLikeSqlStringTest" executed="True" success="True" time="0.094" asserts="2" />
                    </results>
                  </test-suite>
                  <test-suite name="NHibernate.Test.ExpressionTest.JunctionFixture" success="True" time="0.375" asserts="0">
                    <results>
                      <test-case name="NHibernate.Test.ExpressionTest.JunctionFixture.SqlString" executed="True" success="True" time="0.125" asserts="2" />
                      <test-case name="NHibernate.Test.ExpressionTest.JunctionFixture.GetTypedValues" executed="True" success="True" time="0.141" asserts="5" />
                      <test-case name="NHibernate.Test.ExpressionTest.JunctionFixture.ToStringTest" executed="True" success="True" time="0.109" asserts="1" />
                    </results>
                  </test-suite>
                  <test-suite name="NHibernate.Test.ExpressionTest.LogicalExpressionFixture" success="True" time="0.109" asserts="0">
                    <results>
                      <test-case name="NHibernate.Test.ExpressionTest.LogicalExpressionFixture.LogicalSqlStringTest" executed="True" success="True" time="0.109" asserts="2" />
                    </results>
                  </test-suite>
                  <test-suite name="NHibernate.Test.ExpressionTest.NotExpressionFixture" success="True" time="0.109" asserts="0">
                    <results>
                      <test-case name="NHibernate.Test.ExpressionTest.NotExpressionFixture.NotSqlStringTest" executed="True" success="True" time="0.109" asserts="2" />
                    </results>
                  </test-suite>
                  <test-suite name="NHibernate.Test.ExpressionTest.NotNullExpressionFixture" success="True" time="0.109" asserts="0">
                    <results>
                      <test-case name="NHibernate.Test.ExpressionTest.NotNullExpressionFixture.NotNullSqlStringTest" executed="True" success="True" time="0.109" asserts="2" />
                    </results>
                  </test-suite>
                  <test-suite name="NHibernate.Test.ExpressionTest.NullExpressionFixture" success="True" time="0.094" asserts="0">
                    <results>
                      <test-case name="NHibernate.Test.ExpressionTest.NullExpressionFixture.NullSqlStringTest" executed="True" success="True" time="0.094" asserts="2" />
                    </results>
                  </test-suite>
                  <test-suite name="NHibernate.Test.ExpressionTest.OperatorOverloadingFixture" success="True" time="0.000" asserts="0">
                    <results>
                      <test-case name="NHibernate.Test.ExpressionTest.OperatorOverloadingFixture.CanUseAndOperatorForExpressions" executed="True" success="True" time="0.000" asserts="3" />
                      <test-case name="NHibernate.Test.ExpressionTest.OperatorOverloadingFixture.CanUseOrOperatorForEpressions" executed="True" success="True" time="0.000" asserts="3" />
                      <test-case name="NHibernate.Test.ExpressionTest.OperatorOverloadingFixture.CanUseNotOperatorForExpressions" executed="True" success="True" time="0.000" asserts="2" />
                    </results>
                  </test-suite>
                  <test-suite name="NHibernate.Test.ExpressionTest.PropertyExpressionFixture" success="True" time="0.109" asserts="0">
                    <results>
                      <test-case name="NHibernate.Test.ExpressionTest.PropertyExpressionFixture.SqlStringTest" executed="True" success="True" time="0.109" asserts="1" />
                    </results>
                  </test-suite>
                  <test-suite name="NHibernate.Test.ExpressionTest.QueryByExampleTest" success="True" time="0.063" asserts="0">
                    <results>
                      <test-case name="NHibernate.Test.ExpressionTest.QueryByExampleTest.TestSimpleQBE" executed="True" success="True" time="0.016" asserts="2" />
                      <test-case name="NHibernate.Test.ExpressionTest.QueryByExampleTest.TestJunctionNotExpressionQBE" executed="True" success="True" time="0.016" asserts="2" />
                      <test-case name="NHibernate.Test.ExpressionTest.QueryByExampleTest.TestExcludingQBE" executed="True" success="True" time="0.000" asserts="4" />
                    </results>
                  </test-suite>
                  <test-suite name="NHibernate.Test.ExpressionTest.SimpleExpressionFixture" success="True" time="0.422" asserts="0">
                    <results>
                      <test-case name="NHibernate.Test.ExpressionTest.SimpleExpressionFixture.SimpleSqlStringTest" executed="True" success="True" time="0.094" asserts="2" />
                      <test-case name="NHibernate.Test.ExpressionTest.SimpleExpressionFixture.TestQuoting" executed="True" success="True" time="0.109" asserts="1" />
                      <test-case name="NHibernate.Test.ExpressionTest.SimpleExpressionFixture.SimpleDateExpression" executed="True" success="True" time="0.109" asserts="2" />
                      <test-case name="NHibernate.Test.ExpressionTest.SimpleExpressionFixture.MisspelledPropertyWithNormalizedEntityPersister" executed="True" success="True" time="0.109" asserts="0" />
                    </results>
                  </test-suite>
                  <test-suite name="NHibernate.Test.ExpressionTest.SQLExpressionFixture" success="True" time="0.313" asserts="0">
                    <results>
                      <test-case name="NHibernate.Test.ExpressionTest.SQLExpressionFixture.StraightSqlTest" executed="True" success="True" time="0.094" asserts="1" />
                      <test-case name="NHibernate.Test.ExpressionTest.SQLExpressionFixture.NoParamsSqlStringTest" executed="True" success="True" time="0.109" asserts="1" />
                      <test-case name="NHibernate.Test.ExpressionTest.SQLExpressionFixture.WithParameterTest" executed="True" success="True" time="0.094" asserts="2" />
                    </results>
                  </test-suite>
                </results>
              </test-suite>
              <test-suite name="NHibernate.Test.FilterTest" success="True" time="0.656" asserts="0">
                <results>
                  <test-suite name="NHibernate.Test.FilterTest.DynamicFilterTest" success="True" time="0.594" asserts="0">
                    <results>
                      <test-case name="NHibernate.Test.FilterTest.DynamicFilterTest.SecondLevelCachedCollectionsFiltering" executed="True" success="True" time="0.125" asserts="7" />
                      <test-case name="NHibernate.Test.FilterTest.DynamicFilterTest.CombinedClassAndCollectionFiltersEnabled" executed="True" success="True" time="0.031" asserts="4" />
                      <test-case name="NHibernate.Test.FilterTest.DynamicFilterTest.FiltersWithQueryCache" executed="True" success="True" time="0.016" asserts="4" />
                      <test-case name="NHibernate.Test.FilterTest.DynamicFilterTest.HqlFilters" executed="True" success="True" time="0.031" asserts="3" />
                      <test-case name="NHibernate.Test.FilterTest.DynamicFilterTest.CriteriaQueryFilters" executed="True" success="True" time="0.031" asserts="3" />
                      <test-case name="NHibernate.Test.FilterTest.DynamicFilterTest.GetFilters" executed="True" success="True" time="0.016" asserts="2" />
                      <test-case name="NHibernate.Test.FilterTest.DynamicFilterTest.OneToManyFilters" executed="True" success="True" time="0.016" asserts="1" />
                      <test-case name="NHibernate.Test.FilterTest.DynamicFilterTest.InStyleFilterParameter" executed="True" success="True" time="0.016" asserts="1" />
                      <test-case name="NHibernate.Test.FilterTest.DynamicFilterTest.ManyToManyFilterOnLoad" executed="True" success="True" time="0.047" asserts="3" />
                      <test-case name="NHibernate.Test.FilterTest.DynamicFilterTest.ManyToManyOnCollectionLoadAfterHQL" executed="True" success="True" time="0.016" asserts="3" />
                      <test-case name="NHibernate.Test.FilterTest.DynamicFilterTest.ManyToManyFilterOnQuery" executed="True" success="True" time="0.016" asserts="3" />
                      <test-case name="NHibernate.Test.FilterTest.DynamicFilterTest.ManyToManyBase" executed="True" success="True" time="0.031" asserts="4" />
                      <test-case name="NHibernate.Test.FilterTest.DynamicFilterTest.ManyToManyBaseThruCriteria" executed="True" success="True" time="0.016" asserts="4" />
                    </results>
                  </test-suite>
                  <test-suite name="NHibernate.Test.FilterTest.FilterBinaryParameterTest" success="True" time="0.016" asserts="0">
                    <results>
                      <test-case name="NHibernate.Test.FilterTest.FilterBinaryParameterTest.NH882" executed="True" success="True" time="0.000" asserts="0" />
                    </results>
                  </test-suite>
                  <test-suite name="NHibernate.Test.FilterTest.FilterConfig" success="True" time="0.047" asserts="0">
                    <results>
                      <test-case name="NHibernate.Test.FilterTest.FilterConfig.FilterDefinitionsLoadedCorrectly" executed="True" success="True" time="0.016" asserts="4" />
                      <test-case name="NHibernate.Test.FilterTest.FilterConfig.FiltersLoaded" executed="True" success="True" time="0.000" asserts="1" />
                      <test-case name="NHibernate.Test.FilterTest.FilterConfig.TestFilterThrowsWithNoParameterSet" executed="True" success="True" time="0.031" asserts="0" />
                    </results>
                  </test-suite>
                </results>
              </test-suite>
              <test-suite name="NHibernate.Test.Generatedkeys" success="True" time="0.109" asserts="0">
                <results>
                  <test-suite name="NHibernate.Test.Generatedkeys.Identity" success="True" time="0.109" asserts="0">
                    <results>
                      <test-suite name="NHibernate.Test.Generatedkeys.Identity.IdentityGeneratedKeysTest" success="True" time="0.109" asserts="0">
                        <results>
                          <test-case name="NHibernate.Test.Generatedkeys.Identity.IdentityGeneratedKeysTest.IdentityColumnGeneratedIds" executed="True" success="True" time="0.016" asserts="2" />
                          <test-case name="NHibernate.Test.Generatedkeys.Identity.IdentityGeneratedKeysTest.PersistOutsideTransaction" executed="False">
                            <reason>
                              <message><![CDATA[Not supported yet.]]></message>
                            </reason>
                          </test-case>
                          <test-case name="NHibernate.Test.Generatedkeys.Identity.IdentityGeneratedKeysTest.PersistOutsideTransactionCascadedToNonInverseCollection" executed="False">
                            <reason>
                              <message><![CDATA[Not supported yet.]]></message>
                            </reason>
                          </test-case>
                          <test-case name="NHibernate.Test.Generatedkeys.Identity.IdentityGeneratedKeysTest.PersistOutsideTransactionCascadedToInverseCollection" executed="False">
                            <reason>
                              <message><![CDATA[Not supported yet.]]></message>
                            </reason>
                          </test-case>
                          <test-case name="NHibernate.Test.Generatedkeys.Identity.IdentityGeneratedKeysTest.PersistOutsideTransactionCascadedToManyToOne" executed="False">
                            <reason>
                              <message><![CDATA[Not supported yet.]]></message>
                            </reason>
                          </test-case>
                          <test-case name="NHibernate.Test.Generatedkeys.Identity.IdentityGeneratedKeysTest.PersistOutsideTransactionCascadedFromManyToOne" executed="False">
                            <reason>
                              <message><![CDATA[Not supported yet.]]></message>
                            </reason>
                          </test-case>
                        </results>
                      </test-suite>
                    </results>
                  </test-suite>
                </results>
              </test-suite>
              <test-suite name="NHibernate.Test.GeneratedTest" success="True" time="0.203" asserts="0">
                <results>
                  <test-suite name="NHibernate.Test.GeneratedTest.PartiallyGeneratedComponentTest" success="True" time="0.078" asserts="0">
                    <results>
                      <test-case name="NHibernate.Test.GeneratedTest.PartiallyGeneratedComponentTest.PartialComponentGeneration" executed="True" success="True" time="0.016" asserts="5" />
                    </results>
                  </test-suite>
                  <test-suite name="NHibernate.Test.GeneratedTest.TimestampGeneratedValuesWithCachingTest" success="True" time="0.031" asserts="0">
                    <results>
                      <test-case name="NHibernate.Test.GeneratedTest.TimestampGeneratedValuesWithCachingTest.AbstractGeneratedPropertyTest.GeneratedProperty" executed="True" success="True" time="0.016" asserts="3" />
                    </results>
                  </test-suite>
                  <test-suite name="NHibernate.Test.GeneratedTest.TriggerGeneratedValuesWithCachingTest" success="True" time="0.047" asserts="0">
                    <results>
                      <test-case name="NHibernate.Test.GeneratedTest.TriggerGeneratedValuesWithCachingTest.AbstractGeneratedPropertyTest.GeneratedProperty" executed="True" success="True" time="0.016" asserts="3" />
                    </results>
                  </test-suite>
                  <test-suite name="NHibernate.Test.GeneratedTest.TriggerGeneratedValuesWithoutCachingTest" success="True" time="0.047" asserts="0">
                    <results>
                      <test-case name="NHibernate.Test.GeneratedTest.TriggerGeneratedValuesWithoutCachingTest.AbstractGeneratedPropertyTest.GeneratedProperty" executed="True" success="True" time="0.031" asserts="3" />
                    </results>
                  </test-suite>
                </results>
              </test-suite>
              <test-suite name="NHibernate.Test.GenericTest" success="True" time="0.797" asserts="0">
                <results>
                  <test-suite name="NHibernate.Test.GenericTest.BagGeneric" success="True" time="0.109" asserts="0">
                    <results>
                      <test-suite name="NHibernate.Test.GenericTest.BagGeneric.BagGenericFixture" success="True" time="0.109" asserts="0">
                        <results>
                          <test-case name="NHibernate.Test.GenericTest.BagGeneric.BagGenericFixture.Simple" executed="True" success="True" time="0.047" asserts="4" />
                          <test-case name="NHibernate.Test.GenericTest.BagGeneric.BagGenericFixture.Copy" executed="True" success="True" time="0.016" asserts="1" />
                        </results>
                      </test-suite>
                    </results>
                  </test-suite>
                  <test-suite name="NHibernate.Test.GenericTest.EnumGeneric" success="True" time="0.047" asserts="0">
                    <results>
                      <test-suite name="NHibernate.Test.GenericTest.EnumGeneric.EnumGenericFixture" success="True" time="0.047" asserts="0">
                        <results>
                          <test-case name="NHibernate.Test.GenericTest.EnumGeneric.EnumGenericFixture.MapsToEnum" executed="True" success="True" time="0.000" asserts="1" />
                          <test-case name="NHibernate.Test.GenericTest.EnumGeneric.EnumGenericFixture.Persists" executed="True" success="True" time="0.031" asserts="3" />
                        </results>
                      </test-suite>
                    </results>
                  </test-suite>
                  <test-suite name="NHibernate.Test.GenericTest.IdBagGeneric" success="True" time="0.094" asserts="0">
                    <results>
                      <test-suite name="NHibernate.Test.GenericTest.IdBagGeneric.IdBagGenericFixture" success="True" time="0.094" asserts="0">
                        <results>
                          <test-case name="NHibernate.Test.GenericTest.IdBagGeneric.IdBagGenericFixture.Simple" executed="True" success="True" time="0.047" asserts="5" />
                          <test-case name="NHibernate.Test.GenericTest.IdBagGeneric.IdBagGenericFixture.Copy" executed="True" success="True" time="0.000" asserts="1" />
                        </results>
                      </test-suite>
                    </results>
                  </test-suite>
                  <test-suite name="NHibernate.Test.GenericTest.ListGeneric" success="True" time="0.094" asserts="0">
                    <results>
                      <test-suite name="NHibernate.Test.GenericTest.ListGeneric.ListGenericFixture" success="True" time="0.094" asserts="0">
                        <results>
                          <test-case name="NHibernate.Test.GenericTest.ListGeneric.ListGenericFixture.Simple" executed="True" success="True" time="0.063" asserts="6" />
                          <test-case name="NHibernate.Test.GenericTest.ListGeneric.ListGenericFixture.Copy" executed="True" success="True" time="0.000" asserts="1" />
                        </results>
                      </test-suite>
                    </results>
                  </test-suite>
                  <test-suite name="NHibernate.Test.GenericTest.MapGeneric" success="True" time="0.219" asserts="0">
                    <results>
                      <test-suite name="NHibernate.Test.GenericTest.MapGeneric.MapGenericFixture" success="True" time="0.219" asserts="0">
                        <results>
                          <test-case name="NHibernate.Test.GenericTest.MapGeneric.MapGenericFixture.Simple" executed="True" success="True" time="0.094" asserts="4" />
                          <test-case name="NHibernate.Test.GenericTest.MapGeneric.MapGenericFixture.UpdatesToSimpleMap" executed="True" success="True" time="0.016" asserts="0" />
                          <test-case name="NHibernate.Test.GenericTest.MapGeneric.MapGenericFixture.Copy" executed="True" success="True" time="0.016" asserts="1" />
                          <test-case name="NHibernate.Test.GenericTest.MapGeneric.MapGenericFixture.SortedCollections" executed="True" success="True" time="0.031" asserts="4" />
                        </results>
                      </test-suite>
                    </results>
                  </test-suite>
                  <test-suite name="NHibernate.Test.GenericTest.Methods" success="True" time="0.141" asserts="0">
                    <results>
                      <test-suite name="NHibernate.Test.GenericTest.Methods.Fixture" success="True" time="0.125" asserts="0">
                        <results>
                          <test-case name="NHibernate.Test.GenericTest.Methods.Fixture.Criteria" executed="True" success="True" time="0.031" asserts="3" />
                          <test-case name="NHibernate.Test.GenericTest.Methods.Fixture.QueryList" executed="True" success="True" time="0.016" asserts="1" />
                          <test-case name="NHibernate.Test.GenericTest.Methods.Fixture.QueryEnumerable" executed="True" success="True" time="0.000" asserts="2" />
                          <test-case name="NHibernate.Test.GenericTest.Methods.Fixture.Filter" executed="True" success="True" time="0.016" asserts="2" />
                          <test-case name="NHibernate.Test.GenericTest.Methods.Fixture.FilterEnumerable" executed="True" success="True" time="0.016" asserts="3" />
                        </results>
                      </test-suite>
                    </results>
                  </test-suite>
                  <test-suite name="NHibernate.Test.GenericTest.Overall" success="True" time="0.000" asserts="0">
                    <results>
                      <test-suite name="NHibernate.Test.GenericTest.Overall.Fixture" success="True" time="0.000" asserts="0">
                        <results>
                          <test-case name="NHibernate.Test.GenericTest.Overall.Fixture.CRUD" executed="False">
                            <reason>
                              <message><![CDATA[Generic entities not supported]]></message>
                            </reason>
                          </test-case>
                        </results>
                      </test-suite>
                    </results>
                  </test-suite>
                  <test-suite name="NHibernate.Test.GenericTest.SetGeneric" success="True" time="0.094" asserts="0">
                    <results>
                      <test-suite name="NHibernate.Test.GenericTest.SetGeneric.SetGenericFixture" success="True" time="0.094" asserts="0">
                        <results>
                          <test-case name="NHibernate.Test.GenericTest.SetGeneric.SetGenericFixture.Simple" executed="True" success="True" time="0.047" asserts="5" />
                          <test-case name="NHibernate.Test.GenericTest.SetGeneric.SetGenericFixture.Copy" executed="True" success="True" time="0.016" asserts="1" />
                        </results>
                      </test-suite>
                    </results>
                  </test-suite>
                </results>
              </test-suite>
              <test-suite name="NHibernate.Test.HQLFunctionTest" success="True" time="0.422" asserts="0">
                <results>
                  <test-suite name="NHibernate.Test.HQLFunctionTest.HQLFunctions" success="True" time="0.391" asserts="0">
                    <results>
                      <test-case name="NHibernate.Test.HQLFunctionTest.HQLFunctions.AggregateCount" executed="True" success="True" time="0.031" asserts="6" />
                      <test-case name="NHibernate.Test.HQLFunctionTest.HQLFunctions.AggregateAvg" executed="True" success="True" time="0.016" asserts="4" />
                      <test-case name="NHibernate.Test.HQLFunctionTest.HQLFunctions.AggregateMax" executed="True" success="True" time="0.016" asserts="4" />
                      <test-case name="NHibernate.Test.HQLFunctionTest.HQLFunctions.AggregateMin" executed="True" success="True" time="0.016" asserts="4" />
                      <test-case name="NHibernate.Test.HQLFunctionTest.HQLFunctions.AggregateSum" executed="True" success="True" time="0.000" asserts="4" />
                      <test-case name="NHibernate.Test.HQLFunctionTest.HQLFunctions.SubString" executed="True" success="True" time="0.016" asserts="1" />
                      <test-case name="NHibernate.Test.HQLFunctionTest.HQLFunctions.Locate" executed="False">
                        <reason>
                          <message><![CDATA[NHibernate.Dialect.MsSql2005Dialect doesn't support locate function.]]></message>
                        </reason>
                      </test-case>
                      <test-case name="NHibernate.Test.HQLFunctionTest.HQLFunctions.Trim" executed="True" success="True" time="0.031" asserts="9" />
                      <test-case name="NHibernate.Test.HQLFunctionTest.HQLFunctions.Length" executed="True" success="True" time="0.016" asserts="2" />
                      <test-case name="NHibernate.Test.HQLFunctionTest.HQLFunctions.Bit_length" executed="False">
                        <reason>
                          <message><![CDATA[NHibernate.Dialect.MsSql2005Dialect doesn't support bit_length function.]]></message>
                        </reason>
                      </test-case>
                      <test-case name="NHibernate.Test.HQLFunctionTest.HQLFunctions.Coalesce" executed="True" success="True" time="0.016" asserts="0" />
                      <test-case name="NHibernate.Test.HQLFunctionTest.HQLFunctions.Nullif" executed="True" success="True" time="0.000" asserts="0" />
                      <test-case name="NHibernate.Test.HQLFunctionTest.HQLFunctions.Abs" executed="True" success="True" time="0.016" asserts="3" />
                      <test-case name="NHibernate.Test.HQLFunctionTest.HQLFunctions.Mod" executed="True" success="True" time="0.016" asserts="3" />
                      <test-case name="NHibernate.Test.HQLFunctionTest.HQLFunctions.Sqrt" executed="True" success="True" time="0.016" asserts="2" />
                      <test-case name="NHibernate.Test.HQLFunctionTest.HQLFunctions.Upper" executed="True" success="True" time="0.000" asserts="2" />
                      <test-case name="NHibernate.Test.HQLFunctionTest.HQLFunctions.Lower" executed="True" success="True" time="0.016" asserts="2" />
                      <test-case name="NHibernate.Test.HQLFunctionTest.HQLFunctions.Cast" executed="True" success="True" time="0.047" asserts="21" />
                      <test-case name="NHibernate.Test.HQLFunctionTest.HQLFunctions.Current_TimeStamp" executed="True" success="True" time="0.000" asserts="0" />
                      <test-case name="NHibernate.Test.HQLFunctionTest.HQLFunctions.Extract" executed="False">
                        <reason>
                          <message><![CDATA[NHibernate.Dialect.MsSql2005Dialect doesn't support extract function.]]></message>
                        </reason>
                      </test-case>
                      <test-case name="NHibernate.Test.HQLFunctionTest.HQLFunctions.Concat" executed="True" success="True" time="0.016" asserts="1" />
                      <test-case name="NHibernate.Test.HQLFunctionTest.HQLFunctions.HourMinuteSecond" executed="True" success="True" time="0.000" asserts="0" />
                      <test-case name="NHibernate.Test.HQLFunctionTest.HQLFunctions.DayMonthYear" executed="True" success="True" time="0.000" asserts="0" />
                      <test-case name="NHibernate.Test.HQLFunctionTest.HQLFunctions.Str" executed="True" success="True" time="0.016" asserts="2" />
                      <test-case name="NHibernate.Test.HQLFunctionTest.HQLFunctions.Iif" executed="True" success="True" time="0.031" asserts="5" />
                      <test-case name="NHibernate.Test.HQLFunctionTest.HQLFunctions.ParameterLikeArgument" executed="False">
                        <reason>
                          <message><![CDATA[Not supported yet!]]></message>
                        </reason>
                      </test-case>
                    </results>
                  </test-suite>
                  <test-suite name="NHibernate.Test.HQLFunctionTest.SimpleFunctionsTest" success="True" time="0.031" asserts="0">
                    <results>
                      <test-case name="NHibernate.Test.HQLFunctionTest.SimpleFunctionsTest.NoArgFunction" executed="True" success="True" time="0.000" asserts="4" />
                      <test-case name="NHibernate.Test.HQLFunctionTest.SimpleFunctionsTest.StandardFunction" executed="True" success="True" time="0.000" asserts="2" />
                      <test-case name="NHibernate.Test.HQLFunctionTest.SimpleFunctionsTest.CastFunc" executed="True" success="True" time="0.016" asserts="1" />
                      <test-case name="NHibernate.Test.HQLFunctionTest.SimpleFunctionsTest.VarArgsFunction" executed="True" success="True" time="0.000" asserts="3" />
                      <test-case name="NHibernate.Test.HQLFunctionTest.SimpleFunctionsTest.Nvl" executed="True" success="True" time="0.000" asserts="2" />
                      <test-case name="NHibernate.Test.HQLFunctionTest.SimpleFunctionsTest.PositionSubstring" executed="True" success="True" time="0.000" asserts="2" />
                      <test-case name="NHibernate.Test.HQLFunctionTest.SimpleFunctionsTest.ClassicSum" executed="True" success="True" time="0.000" asserts="2" />
                      <test-case name="NHibernate.Test.HQLFunctionTest.SimpleFunctionsTest.ClassicCount" executed="True" success="True" time="0.000" asserts="2" />
                      <test-case name="NHibernate.Test.HQLFunctionTest.SimpleFunctionsTest.ClassicAvg" executed="True" success="True" time="0.000" asserts="2" />
                      <test-case name="NHibernate.Test.HQLFunctionTest.SimpleFunctionsTest.ClassicAggregate" executed="True" success="True" time="0.000" asserts="2" />
                      <test-case name="NHibernate.Test.HQLFunctionTest.SimpleFunctionsTest.AnsiSubstring" executed="True" success="True" time="0.016" asserts="2" />
                    </results>
                  </test-suite>
                  <test-suite name="NHibernate.Test.HQLFunctionTest.SQLFunctionTemplateTest" success="True" time="0.000" asserts="0">
                    <results>
                      <test-case name="NHibernate.Test.HQLFunctionTest.SQLFunctionTemplateTest.Simple" executed="True" success="True" time="0.000" asserts="8" />
                      <test-case name="NHibernate.Test.HQLFunctionTest.SQLFunctionTemplateTest.RepetedParams" executed="True" success="True" time="0.000" asserts="2" />
                      <test-case name="NHibernate.Test.HQLFunctionTest.SQLFunctionTemplateTest.ArgsDiffParams" executed="True" success="True" time="0.000" asserts="3" />
                    </results>
                  </test-suite>
                </results>
              </test-suite>
              <test-suite name="NHibernate.Test.IdTest" success="True" time="0.109" asserts="0">
                <results>
                  <test-suite name="NHibernate.Test.IdTest.HiLoTableGeneratorInt16Fixture" success="True" time="0.031" asserts="0">
                    <results>
                      <test-case name="NHibernate.Test.IdTest.HiLoTableGeneratorInt16Fixture.ReadWrite" executed="True" success="True" time="0.016" asserts="1" />
                    </results>
                  </test-suite>
                  <test-suite name="NHibernate.Test.IdTest.HiLoTableGeneratorInt32Fixture" success="True" time="0.031" asserts="0">
                    <results>
                      <test-case name="NHibernate.Test.IdTest.HiLoTableGeneratorInt32Fixture.ReadWrite" executed="True" success="True" time="0.016" asserts="1" />
                    </results>
                  </test-suite>
                  <test-suite name="NHibernate.Test.IdTest.HiLoTableGeneratorInt64Fixture" success="True" time="0.031" asserts="0">
                    <results>
                      <test-case name="NHibernate.Test.IdTest.HiLoTableGeneratorInt64Fixture.ReadWrite" executed="True" success="True" time="0.016" asserts="1" />
                    </results>
                  </test-suite>
                  <test-suite name="NHibernate.Test.IdTest.IdentifierGeneratorFactoryFixture" success="True" time="0.000" asserts="0">
                    <results>
                      <test-case name="NHibernate.Test.IdTest.IdentifierGeneratorFactoryFixture.NonCreatableStrategy" executed="True" success="True" time="0.000" asserts="0" />
                    </results>
                  </test-suite>
                </results>
              </test-suite>
              <test-suite name="NHibernate.Test.Join" success="True" time="0.625" asserts="0">
                <results>
                  <test-suite name="NHibernate.Test.Join.JoinCompositeKeyTest" success="True" time="0.078" asserts="0">
                    <results>
                      <test-case name="NHibernate.Test.Join.JoinCompositeKeyTest.SimpleSaveAndRetrieve" executed="True" success="True" time="0.031" asserts="6" />
                    </results>
                  </test-suite>
                  <test-suite name="NHibernate.Test.Join.JoinTest" success="True" time="0.500" asserts="0">
                    <results>
                      <test-case name="NHibernate.Test.Join.JoinTest.TestSequentialSelects" executed="True" success="True" time="0.109" asserts="10" />
                      <test-case name="NHibernate.Test.Join.JoinTest.TestSequentialSelectsOptionalData" executed="True" success="True" time="0.016" asserts="5" />
                      <test-case name="NHibernate.Test.Join.JoinTest.TestOptional" executed="True" success="True" time="0.016" asserts="1" />
                      <test-case name="NHibernate.Test.Join.JoinTest.TestInverseJoinSelected" executed="True" success="True" time="0.016" asserts="3" />
                      <test-case name="NHibernate.Test.Join.JoinTest.TestInverseJoinNotUpdated" executed="True" success="True" time="0.000" asserts="3" />
                      <test-case name="NHibernate.Test.Join.JoinTest.TestInverseJoinNotInserted" executed="True" success="True" time="0.016" asserts="2" />
                      <test-case name="NHibernate.Test.Join.JoinTest.TestInverseJoinNotDeleted" executed="True" success="True" time="0.016" asserts="3" />
                      <test-case name="NHibernate.Test.Join.JoinTest.TestRetrieveUsingGet" executed="True" success="True" time="0.000" asserts="1" />
                      <test-case name="NHibernate.Test.Join.JoinTest.TestRetrieveUsingCriteriaInterface" executed="True" success="True" time="0.016" asserts="2" />
                      <test-case name="NHibernate.Test.Join.JoinTest.TestRetrieveUsingHql" executed="True" success="True" time="0.016" asserts="2" />
[...]
                      <test-case name="NHibernate.Test.UtilityTest.LinkedHashMapFixture.Clear" executed="True" success="True" time="0.000" asserts="1" />
                      <test-case name="NHibernate.Test.UtilityTest.LinkedHashMapFixture.Contains" executed="True" success="True" time="0.000" asserts="2" />
                      <test-case name="NHibernate.Test.UtilityTest.LinkedHashMapFixture.GetEnumerator" executed="True" success="True" time="0.000" asserts="13" />
                      <test-case name="NHibernate.Test.UtilityTest.LinkedHashMapFixture.GetEnumeratorEmpty" executed="True" success="True" time="0.000" asserts="2" />
                      <test-case name="NHibernate.Test.UtilityTest.LinkedHashMapFixture.GetEnumeratorModifyExceptionFromAdd" executed="True" success="True" time="0.000" asserts="0" />
                      <test-case name="NHibernate.Test.UtilityTest.LinkedHashMapFixture.GetEnumeratorModifyExceptionFromRemove" executed="True" success="True" time="0.000" asserts="0" />
                      <test-case name="NHibernate.Test.UtilityTest.LinkedHashMapFixture.GetEnumeratorModifyExceptionFromUpdate" executed="True" success="True" time="0.016" asserts="0" />
                      <test-case name="NHibernate.Test.UtilityTest.LinkedHashMapFixture.Remove" executed="True" success="True" time="0.000" asserts="4" />
                      <test-case name="NHibernate.Test.UtilityTest.LinkedHashMapFixture.ContainsValue" executed="True" success="True" time="0.000" asserts="2" />
                      <test-case name="NHibernate.Test.UtilityTest.LinkedHashMapFixture.CopyTo" executed="True" success="True" time="0.000" asserts="12" />
                      <test-case name="NHibernate.Test.UtilityTest.LinkedHashMapFixture.Keys" executed="True" success="True" time="0.000" asserts="6" />
                      <test-case name="NHibernate.Test.UtilityTest.LinkedHashMapFixture.Values" executed="True" success="True" time="0.000" asserts="6" />
                      <test-case name="NHibernate.Test.UtilityTest.LinkedHashMapFixture.Serialization" executed="True" success="True" time="0.000" asserts="14" />
                      <test-case name="NHibernate.Test.UtilityTest.LinkedHashMapFixture.ShowDiff" executed="False">
                        <reason>
                          <message><![CDATA[Explicit selection required]]></message>
                        </reason>
                      </test-case>
                      <test-case name="NHibernate.Test.UtilityTest.LinkedHashMapFixture.Performance" executed="False">
                        <reason>
                          <message><![CDATA[Explicit selection required]]></message>
                        </reason>
                      </test-case>
                    </results>
                  </test-suite>
                  <test-suite name="NHibernate.Test.UtilityTest.LRUMapFixture" success="True" time="0.016" asserts="0">
                    <results>
                      <test-case name="NHibernate.Test.UtilityTest.LRUMapFixture.PutWithSizeLimit" executed="True" success="True" time="0.000" asserts="10" />
                      <test-case name="NHibernate.Test.UtilityTest.LRUMapFixture.PutWithNoSizeLimit" executed="True" success="True" time="0.000" asserts="10" />
                      <test-case name="NHibernate.Test.UtilityTest.LRUMapFixture.PutAndRemove" executed="True" success="True" time="0.000" asserts="1" />
                      <test-case name="NHibernate.Test.UtilityTest.LRUMapFixture.RemoveEmpty" executed="True" success="True" time="0.000" asserts="0" />
                      <test-case name="NHibernate.Test.UtilityTest.LRUMapFixture.GetEntrySet" executed="True" success="True" time="0.000" asserts="11" />
                    </results>
                  </test-suite>
                  <test-suite name="NHibernate.Test.UtilityTest.ReflectHelperFixture" success="True" time="0.031" asserts="0">
                    <results>
                      <test-case name="NHibernate.Test.UtilityTest.ReflectHelperFixture.GetConstantValueEnum" executed="True" success="True" time="0.000" asserts="1" />
                      <test-case name="NHibernate.Test.UtilityTest.ReflectHelperFixture.OverridesEquals" executed="True" success="True" time="0.000" asserts="4" />
                      <test-case name="NHibernate.Test.UtilityTest.ReflectHelperFixture.NoTypeFoundReturnsNull" executed="True" success="True" time="0.031" asserts="1" />
                      <test-case name="NHibernate.Test.UtilityTest.ReflectHelperFixture.TypeFoundInNotLoadedAssembly" executed="True" success="True" time="0.000" asserts="2" />
                      <test-case name="NHibernate.Test.UtilityTest.ReflectHelperFixture.SystemTypes" executed="True" success="True" time="0.000" asserts="1" />
                    </results>
                  </test-suite>
                  <test-suite name="NHibernate.Test.UtilityTest.SafetyEnumerableFixture" success="True" time="0.000" asserts="0">
                    <results>
                      <test-case name="NHibernate.Test.UtilityTest.SafetyEnumerableFixture.MixedCollection" executed="True" success="True" time="0.000" asserts="2" />
                      <test-case name="NHibernate.Test.UtilityTest.SafetyEnumerableFixture.RecyclingCollection" executed="True" success="True" time="0.000" asserts="2" />
                      <test-case name="NHibernate.Test.UtilityTest.SafetyEnumerableFixture.MixedWithNulls" executed="True" success="True" time="0.000" asserts="2" />
                    </results>
                  </test-suite>
                  <test-suite name="NHibernate.Test.UtilityTest.SequencedHashMapFixture" success="True" time="0.031" asserts="0">
                    <results>
                      <test-case name="NHibernate.Test.UtilityTest.SequencedHashMapFixture.Add" executed="True" success="True" time="0.016" asserts="10" />
                      <test-case name="NHibernate.Test.UtilityTest.SequencedHashMapFixture.Clear" executed="True" success="True" time="0.000" asserts="1" />
                      <test-case name="NHibernate.Test.UtilityTest.SequencedHashMapFixture.Contains" executed="True" success="True" time="0.000" asserts="2" />
                      <test-case name="NHibernate.Test.UtilityTest.SequencedHashMapFixture.GetEnumerator" executed="True" success="True" time="0.000" asserts="7" />
                      <test-case name="NHibernate.Test.UtilityTest.SequencedHashMapFixture.GetEnumeratorEmpty" executed="True" success="True" time="0.000" asserts="1" />
                      <test-case name="NHibernate.Test.UtilityTest.SequencedHashMapFixture.GetEnumeratorModifyExceptionFromAdd" executed="True" success="True" time="0.000" asserts="0" />
                      <test-case name="NHibernate.Test.UtilityTest.SequencedHashMapFixture.GetEnumeratorModifyExceptionFromRemove" executed="True" success="True" time="0.000" asserts="0" />
                      <test-case name="NHibernate.Test.UtilityTest.SequencedHashMapFixture.GetEnumeratorModifyExceptionFromUpdate" executed="True" success="True" time="0.000" asserts="0" />
                      <test-case name="NHibernate.Test.UtilityTest.SequencedHashMapFixture.Remove" executed="True" success="True" time="0.000" asserts="2" />
                      <test-case name="NHibernate.Test.UtilityTest.SequencedHashMapFixture.Item" executed="True" success="True" time="0.000" asserts="3" />
                      <test-case name="NHibernate.Test.UtilityTest.SequencedHashMapFixture.Count" executed="True" success="True" time="0.000" asserts="2" />
                      <test-case name="NHibernate.Test.UtilityTest.SequencedHashMapFixture.ContainsKey" executed="True" success="True" time="0.000" asserts="2" />
                      <test-case name="NHibernate.Test.UtilityTest.SequencedHashMapFixture.ContainsValue" executed="True" success="True" time="0.000" asserts="3" />
                      <test-case name="NHibernate.Test.UtilityTest.SequencedHashMapFixture.CopyTo" executed="True" success="True" time="0.000" asserts="7" />
                      <test-case name="NHibernate.Test.UtilityTest.SequencedHashMapFixture.Keys" executed="True" success="True" time="0.000" asserts="4" />
                      <test-case name="NHibernate.Test.UtilityTest.SequencedHashMapFixture.Values" executed="True" success="True" time="0.000" asserts="4" />
                      <test-case name="NHibernate.Test.UtilityTest.SequencedHashMapFixture.ValuesEmpty" executed="True" success="True" time="0.000" asserts="1" />
                      <test-case name="NHibernate.Test.UtilityTest.SequencedHashMapFixture.FirstKey" executed="True" success="True" time="0.000" asserts="3" />
                      <test-case name="NHibernate.Test.UtilityTest.SequencedHashMapFixture.FirstValue" executed="True" success="True" time="0.000" asserts="3" />
                      <test-case name="NHibernate.Test.UtilityTest.SequencedHashMapFixture.LastKey" executed="True" success="True" time="0.000" asserts="3" />
                      <test-case name="NHibernate.Test.UtilityTest.SequencedHashMapFixture.LastValue" executed="True" success="True" time="0.000" asserts="3" />
                      <test-case name="NHibernate.Test.UtilityTest.SequencedHashMapFixture.Performance" executed="False">
                        <reason>
                          <message><![CDATA[Explicit selection required]]></message>
                        </reason>
                      </test-case>
                      <test-case name="NHibernate.Test.UtilityTest.SequencedHashMapFixture.Serialize" executed="True" success="True" time="0.016" asserts="8" />
                    </results>
                  </test-suite>
                  <test-suite name="NHibernate.Test.UtilityTest.StringHelperFixture" success="True" time="0.000" asserts="0">
                    <results>
                      <test-case name="NHibernate.Test.UtilityTest.StringHelperFixture.GetClassnameFromFQType" executed="True" success="True" time="0.000" asserts="1" />
                      <test-case name="NHibernate.Test.UtilityTest.StringHelperFixture.GetClassnameFromFQClass" executed="True" success="True" time="0.000" asserts="1" />
                      <test-case name="NHibernate.Test.UtilityTest.StringHelperFixture.CountUnquotedParams" executed="True" success="True" time="0.000" asserts="4" />
                      <test-case name="NHibernate.Test.UtilityTest.StringHelperFixture.CantCountQuotes" executed="True" success="True" time="0.000" asserts="0" />
                      <test-case name="NHibernate.Test.UtilityTest.StringHelperFixture.Qualify" executed="True" success="True" time="0.000" asserts="1" />
                      <test-case name="NHibernate.Test.UtilityTest.StringHelperFixture.QualifyArray" executed="True" success="True" time="0.000" asserts="2" />
                      <test-case name="NHibernate.Test.UtilityTest.StringHelperFixture.GenerateAliasForGenericTypeName" executed="True" success="True" time="0.000" asserts="3" />
                    </results>
                  </test-suite>
                  <test-suite name="NHibernate.Test.UtilityTest.TypeNameParserFixture" success="True" time="0.016" asserts="0">
                    <results>
                      <test-case name="NHibernate.Test.UtilityTest.TypeNameParserFixture.ParseSimple" executed="True" success="True" time="0.000" asserts="2" />
                      <test-case name="NHibernate.Test.UtilityTest.TypeNameParserFixture.ParseQualified" executed="True" success="True" time="0.000" asserts="2" />
                      <test-case name="NHibernate.Test.UtilityTest.TypeNameParserFixture.ParseWithEscapes" executed="True" success="True" time="0.000" asserts="2" />
                      <test-case name="NHibernate.Test.UtilityTest.TypeNameParserFixture.ParseFullAssemblyName" executed="True" success="True" time="0.000" asserts="2" />
                      <test-case name="NHibernate.Test.UtilityTest.TypeNameParserFixture.ParseGenericTypeName" executed="True" success="True" time="0.000" asserts="2" />
                      <test-case name="NHibernate.Test.UtilityTest.TypeNameParserFixture.ParseComplexGenericTypeName" executed="True" success="True" time="0.000" asserts="2" />
                      <test-case name="NHibernate.Test.UtilityTest.TypeNameParserFixture.ParseUnmatchedBracket" executed="True" success="True" time="0.000" asserts="0" />
                      <test-case name="NHibernate.Test.UtilityTest.TypeNameParserFixture.ParseUnmatchedEscapedBracket" executed="True" success="True" time="0.000" asserts="0" />
                      <test-case name="NHibernate.Test.UtilityTest.TypeNameParserFixture.ParseWithDefaultAssemblyUnused" executed="True" success="True" time="0.000" asserts="2" />
                      <test-case name="NHibernate.Test.UtilityTest.TypeNameParserFixture.ParseWithDefaultAssembly" executed="True" success="True" time="0.000" asserts="2" />
                      <test-case name="NHibernate.Test.UtilityTest.TypeNameParserFixture.ParseWithDefaultNamespaceAndAssembly" executed="True" success="True" time="0.000" asserts="1" />
                      <test-case name="NHibernate.Test.UtilityTest.TypeNameParserFixture.ParseWithDefaultNamespaceNoAssembly" executed="True" success="True" time="0.016" asserts="2" />
                      <test-case name="NHibernate.Test.UtilityTest.TypeNameParserFixture.ParseWithDefaultNamespaceUnused" executed="True" success="True" time="0.000" asserts="1" />
                      <test-case name="NHibernate.Test.UtilityTest.TypeNameParserFixture.ParseTrims" executed="True" success="True" time="0.000" asserts="2" />
                      <test-case name="NHibernate.Test.UtilityTest.TypeNameParserFixture.ParseInvalidEscape" executed="True" success="True" time="0.000" asserts="0" />
                    </results>
                  </test-suite>
                  <test-suite name="NHibernate.Test.UtilityTest.WeakHashtableFixture" success="True" time="0.297" asserts="0">
                    <results>
                      <test-case name="NHibernate.Test.UtilityTest.WeakHashtableFixture.Basic" executed="True" success="True" time="0.000" asserts="1" />
                      <test-case name="NHibernate.Test.UtilityTest.WeakHashtableFixture.WeakReferenceGetsFreedButHashCodeRemainsConstant" executed="True" success="True" time="0.172" asserts="3" />
                      <test-case name="NHibernate.Test.UtilityTest.WeakHashtableFixture.Scavenging" executed="True" success="True" time="0.063" asserts="1" />
                      <test-case name="NHibernate.Test.UtilityTest.WeakHashtableFixture.IterationAfterGC" executed="True" success="True" time="0.063" asserts="2" />
                      <test-case name="NHibernate.Test.UtilityTest.WeakHashtableFixture.Iteration" executed="True" success="True" time="0.000" asserts="2" />
                      <test-case name="NHibernate.Test.UtilityTest.WeakHashtableFixture.RetrieveNonExistentItem" executed="True" success="True" time="0.000" asserts="1" />
                      <test-case name="NHibernate.Test.UtilityTest.WeakHashtableFixture.WeakRefWrapperEquals" executed="True" success="True" time="0.000" asserts="3" />
                    </results>
                  </test-suite>
                </results>
              </test-suite>
              <test-suite name="NHibernate.Test.VersionTest" success="True" time="0.156" asserts="0">
                <results>
                  <test-suite name="NHibernate.Test.VersionTest.VersionFixture" success="True" time="0.141" asserts="0">
                    <results>
                      <test-case name="NHibernate.Test.VersionTest.VersionFixture.VersionShortCircuitFlush" executed="True" success="True" time="0.047" asserts="1" />
                      <test-case name="NHibernate.Test.VersionTest.VersionFixture.CollectionVersion" executed="True" success="True" time="0.016" asserts="5" />
                      <test-case name="NHibernate.Test.VersionTest.VersionFixture.CollectionNoVersion" executed="True" success="True" time="0.016" asserts="5" />
                    </results>
                  </test-suite>
                </results>
              </test-suite>
              <test-suite name="NHibernate.Test.NHibernateUtilTest" success="True" time="0.000" asserts="0">
                <results>
                  <test-case name="NHibernate.Test.NHibernateUtilTest.CanGuessTypeOfInt32ByValue" executed="True" success="True" time="0.000" asserts="1" />
                  <test-case name="NHibernate.Test.NHibernateUtilTest.CanGuessTypeOfInt32ByType" executed="True" success="True" time="0.000" asserts="1" />
                  <test-case name="NHibernate.Test.NHibernateUtilTest.CanGuessTypeOfNullableInt32ByType" executed="True" success="True" time="0.000" asserts="1" />
                  <test-case name="NHibernate.Test.NHibernateUtilTest.CanGuessTypeOfNullableInt32ByValue" executed="True" success="True" time="0.000" asserts="1" />
                </results>
              </test-suite>
              <test-suite name="NHibernate.Test.ObjectAssert" success="True" time="0.000" asserts="0">
                <results>
                  <test-case name="NHibernate.Test.ObjectAssert.TestIDictionaryEqual" executed="True" success="True" time="0.000" asserts="5" />
                </results>
              </test-suite>
              <test-suite name="NHibernate.Test.SessionCacheTest" success="True" time="0.047" asserts="0">
                <results>
                  <test-case name="NHibernate.Test.SessionCacheTest.MakeCollectionTransient" executed="True" success="True" time="0.016" asserts="6" />
                  <test-case name="NHibernate.Test.SessionCacheTest.LoadAfterNotExists" executed="True" success="True" time="0.016" asserts="1" />
                </results>
              </test-suite>
              <test-suite name="NHibernate.Test.TestTestCase" success="True" time="0.016" asserts="0">
                <results>
                  <test-case name="NHibernate.Test.TestTestCase.TestExecuteStatement" executed="True" success="True" time="0.016" asserts="0" />
                </results>
              </test-suite>
            </results>
          </test-suite>
          <test-suite name="NHibernate.UnitTesting" success="True" time="0.000" asserts="0">
            <results>
              <test-suite name="NHibernate.UnitTesting.StringTokenizerFixture" success="True" time="0.000" asserts="0">
                <results>
                  <test-case name="NHibernate.UnitTesting.StringTokenizerFixture.SimpleStringWithoutDelimiters" executed="True" success="True" time="0.000" asserts="3" />
                  <test-case name="NHibernate.UnitTesting.StringTokenizerFixture.SimpleStringWithDelimiters" executed="True" success="True" time="0.000" asserts="4" />
                  <test-case name="NHibernate.UnitTesting.StringTokenizerFixture.NotSoSimpleWithoutDelimiters" executed="True" success="True" time="0.000" asserts="6" />
                  <test-case name="NHibernate.UnitTesting.StringTokenizerFixture.NotSoSimpleWithDelimiters" executed="True" success="True" time="0.000" asserts="14" />
                  <test-case name="NHibernate.UnitTesting.StringTokenizerFixture.OnlyDelimitersWithoutDelimiters" executed="True" success="True" time="0.000" asserts="1" />
                  <test-case name="NHibernate.UnitTesting.StringTokenizerFixture.OnlyDelimitersWithDelimiters" executed="True" success="True" time="0.000" asserts="6" />
                </results>
              </test-suite>
            </results>
          </test-suite>
        </results>
      </test-suite>
    </results>
  </test-suite>
</test-results>